#
# A fatal error has been detected by the Java Runtime Environment:
#
#  SIGILL (0x4) at pc=0x00007f86d064d82a, pid=8783, tid=140216931776256
#
# JRE version: 6.0_32-b32
# Java VM: OpenJDK 64-Bit Server VM (23.25-b01 mixed mode linux-amd64 compressed oops)
# Derivative: IcedTea6 1.13.4
# Distribution: Ubuntu 12.04 LTS, package 6b32-1.13.4-4ubuntu0.12.04.2
# Problematic frame:
# J  scala.reflect.internal.Symbols$Symbol.validTo()I
#
# Failed to write core dump. Core dumps have been disabled. To enable core dumping, try "ulimit -c unlimited" before starting Java again
#
# If you would like to submit a bug report, please include
# instructions how to reproduce the bug and visit:
#   https://bugs.launchpad.net/ubuntu/+source/openjdk-6/
#

---------------  T H R E A D  ---------------

Current thread (0x00007f86d54da000):  JavaThread "pool-5-thread-2" [_thread_in_Java, id=9191, stack(0x00007f86cc58f000,0x00007f86cc690000)]

siginfo:si_signo=SIGILL: si_errno=0, si_code=2 (ILL_ILLOPN), si_addr=0x00007f86d064d82a

Registers:
RAX=0x0000000076b593c1, RBX=0x0000000776a805d0, RCX=0x00000007d5582938, RDX=0x0000000789ec0c40
RSP=0x00007f86cc686b58, RBP=0x000000078e1db9d0, RSI=0x000000078bda3528, RDI=0x00000000fffffffd
R8 =0x00000000f1c3b736, R9 =0x000000078bda3528, R10=0x00000000eec0c40c, R11=0x00000000f1c3b73d
R12=0x0000000000000000, R13=0x000000078bc9f188, R14=0x00000007899bd360, R15=0x00007f86d54da000
RIP=0x00007f86d064d82a, EFLAGS=0x0000000000010202, CSGSFS=0x0000000000000033, ERR=0x0000000000000000
  TRAPNO=0x0000000000000006

Top of Stack: (sp=0x00007f86cc686b58)
0x00007f86cc686b58:   00007f86d0ad997c 000000078bda3528
0x00007f86cc686b68:   0000000700000004 0000000700000104
0x00007f86cc686b78:   000000078e1db9b0 0000000789ec22d0
0x00007f86cc686b88:   00000007fffffffd 00000007d5582938
0x00007f86cc686b98:   0000000789ebfff0 00000000faab0524
0x00007f86cc686ba8:   00007f86d102d454 00000007eed6b278
0x00007f86cc686bb8:   000000078bda3528 000000078bda3528
0x00007f86cc686bc8:   0000000789ec0c40 0000000789ec0c40
0x00007f86cc686bd8:   00000007d5582938 f17b46a5fffffffd
0x00007f86cc686be8:   00000007d5582938 00000007899bd360
0x00007f86cc686bf8:   000000078bda3528 000000078bda3528
0x00007f86cc686c08:   00007f86d0862814 00000000f13e9a7c
0x00007f86cc686c18:   0000000776036c48 00000007899bd360
0x00007f86cc686c28:   00007f86d10c7da8 0000000789ec0c40
0x00007f86cc686c38:   0000000789ec0c88 f1413dc4c0018aa8
0x00007f86cc686c48:   00000007899bd360 f13d8191fffffffd
0x00007f86cc686c58:   00000007d5582938 00000007d5582938
0x00007f86cc686c68:   0000000789ec0c40 00000007f13e9e85
0x00007f86cc686c78:   000000078a09ee20 0000000789f4f428
0x00007f86cc686c88:   0000000789f4f408 000000078bda3528
0x00007f86cc686c98:   00007f86d083a24c 0000000789ec0c40
0x00007f86cc686ca8:   00007f86d069266c 00000007d58caec0
0x00007f86cc686cb8:   000000000002b164 00000007899bd360
0x00007f86cc686cc8:   00007f86d0d0cf20 00000007c0019050
0x00007f86cc686cd8:   0000000789ec0228 00000000f05f1c97
0x00007f86cc686ce8:   00007f86fffffffd 00000007d5582938
0x00007f86cc686cf8:   0000000789ec0c40 00000007899bd360
0x00007f86cc686d08:   00007f86d083a24c 000000078bda3528
0x00007f86cc686d18:   00007f86d0b16dd4 0000000000000001
0x00007f86cc686d28:   00007f86d0680a28 0000000789ec0c40
0x00007f86cc686d38:   00000007d5582938 faaf5570fffffffd
0x00007f86cc686d48:   00000007899bd360 00007f86d54da000 

Instructions: (pc=0x00007f86d064d82a)
0x00007f86d064d80a:   c2 0f 85 4f 62 fa ff 66 66 90 66 0f 1f 44 00 00
0x00007f86d064d81a:   66 0f 1f 44 00 00 48 81 ec 18 00 00 00 48 89 6c
0x00007f86d064d82a:   24 10 8b 46 1c 48 83 c4 10 5d 85 05 c6 17 33 0a
0x00007f86d064d83a:   c3 f4 f4 f4 f4 f4 e9 9b c5 fc ff e8 00 00 00 00 

Register to memory mapping:

RAX=0x0000000076b593c1 is an unknown value
RBX=0x0000000776a805d0 is an oop
{method} 
 - klass: {other class}
RCX=0x00000007d5582938 is an oop
scala.reflect.internal.Types$TypeRef$$anon$5 
 - klass: 'scala/reflect/internal/Types$TypeRef$$anon$5'
RDX=0x0000000789ec0c40 is an oop
scala.reflect.internal.Types$TypeRef$$anon$3 
 - klass: 'scala/reflect/internal/Types$TypeRef$$anon$3'
RSP=0x00007f86cc686b58 is pointing into the stack for thread: 0x00007f86d54da000
RBP=0x000000078e1db9d0 is an oop
scala.reflect.internal.Types$PolyType 
 - klass: 'scala/reflect/internal/Types$PolyType'
RSI=0x000000078bda3528 is an oop
scala.reflect.internal.Symbols$ClassSymbol 
 - klass: 'scala/reflect/internal/Symbols$ClassSymbol'
RDI=0x00000000fffffffd is an unknown value
R8 =0x00000000f1c3b736 is an unknown value
R9 =0x000000078bda3528 is an oop
scala.reflect.internal.Symbols$ClassSymbol 
 - klass: 'scala/reflect/internal/Symbols$ClassSymbol'
R10=0x00000000eec0c40c is an unknown value
R11=0x00000000f1c3b73d is an unknown value
R12=0x0000000000000000 is an unknown value
R13=0x000000078bc9f188 is an oop
scala.reflect.internal.Symbols$ClassSymbol 
 - klass: 'scala/reflect/internal/Symbols$ClassSymbol'
R14=0x00000007899bd360 is an oop
xsbt.CachedCompiler0$Compiler 
 - klass: 'xsbt/CachedCompiler0$Compiler'
R15=0x00007f86d54da000 is a thread


Stack: [0x00007f86cc58f000,0x00007f86cc690000],  sp=0x00007f86cc686b58,  free space=990k
Native frames: (J=compiled Java code, j=interpreted, Vv=VM code, C=native code)
J  scala.reflect.internal.Symbols$Symbol.validTo()I


---------------  P R O C E S S  ---------------

Java Threads: ( => current thread )
=>0x00007f86d54da000 JavaThread "pool-5-thread-2" [_thread_in_Java, id=9191, stack(0x00007f86cc58f000,0x00007f86cc690000)]
  0x0000000001867800 JavaThread "Scala Presentation Compiler []" daemon [_thread_blocked, id=9114, stack(0x00007f86bafd0000,0x00007f86bb0d1000)]
  0x00007f86d56bc000 JavaThread "sbt-web-akka.actor.default-dispatcher-3" [_thread_blocked, id=9064, stack(0x00007f86cc690000,0x00007f86cc791000)]
  0x00007f86d55e2800 JavaThread "sbt-web-scheduler-1" [_thread_blocked, id=9062, stack(0x00007f86cc892000,0x00007f86cc993000)]
  0x00007f8698565800 JavaThread "INotify thread" daemon [_thread_in_native, id=9061, stack(0x00007f86cc791000,0x00007f86cc892000)]
  0x00007f86d40f6800 JavaThread "Low Memory Detector" daemon [_thread_blocked, id=8794, stack(0x00007f86cd2d2000,0x00007f86cd3d3000)]
  0x00007f86d40f4000 JavaThread "C2 CompilerThread1" daemon [_thread_blocked, id=8793, stack(0x00007f86cd3d3000,0x00007f86cd4d4000)]
  0x00007f86d40f1000 JavaThread "C2 CompilerThread0" daemon [_thread_blocked, id=8792, stack(0x00007f86cd4d4000,0x00007f86cd5d5000)]
  0x00007f86d40ef000 JavaThread "Signal Dispatcher" daemon [_thread_blocked, id=8791, stack(0x00007f86cd5d5000,0x00007f86cd6d6000)]
  0x00007f86d40a0800 JavaThread "Finalizer" daemon [_thread_blocked, id=8789, stack(0x00007f86cddba000,0x00007f86cdebb000)]
  0x00007f86d409e800 JavaThread "Reference Handler" daemon [_thread_blocked, id=8788, stack(0x00007f86cdebb000,0x00007f86cdfbc000)]
  0x00007f86d4009800 JavaThread "main" [_thread_blocked, id=8784, stack(0x00007f86da862000,0x00007f86da963000)]

Other Threads:
  0x00007f86d408f800 VMThread [stack: 0x00007f86cdfbc000,0x00007f86ce0bd000] [id=8787]
  0x00007f86d40f9000 WatcherThread [stack: 0x00007f86cd1d1000,0x00007f86cd2d2000] [id=8795]

VM state:not at safepoint (normal execution)

VM Mutex/Monitor currently owned by a thread: None

Heap
 PSYoungGen      total 919872K, used 387870K [0x00000007c0000000, 0x0000000800000000, 0x0000000800000000)
  eden space 789952K, 46% used [0x00000007c0000000,0x00000007d650d070,0x00000007f0370000)
  from space 129920K, 17% used [0x00000007f8120000,0x00000007f96da948,0x0000000800000000)
  to   space 128704K, 0% used [0x00000007f0370000,0x00000007f0370000,0x00000007f8120000)
 ParOldGen       total 1048576K, used 238918K [0x0000000780000000, 0x00000007c0000000, 0x00000007c0000000)
  object space 1048576K, 22% used [0x0000000780000000,0x000000078e951bd8,0x00000007c0000000)
 PSPermGen       total 76352K, used 76170K [0x0000000775a00000, 0x000000077a490000, 0x0000000780000000)
  object space 76352K, 99% used [0x0000000775a00000,0x000000077a462bf8,0x000000077a490000)

Card table byte_map: [0x00007f86d0168000,0x00007f86d05bc000] byte_map_base: 0x00007f86cc5bb000

Polling page: 0x00007f86da97f000

Code Cache  [0x00007f86d05bc000, 0x00007f86d121c000, 0x00007f86d35bc000)
 total_blobs=4558 nmethods=4167 adapters=338 free_code_cache=36864Kb largest_free_block=37397056

Compilation events (10 events):
Event: 687.126 Thread 0x00007f86d40f1000 4975             scala.collection.generic.GenMapFactory$MapCanBuildFrom::apply (9 bytes)
Event: 687.130 Thread 0x00007f86d40f1000 nmethod 4975 0x00007f86d0f76f10 code [0x00007f86d0f77060, 0x00007f86d0f77158]
Event: 687.130 Thread 0x00007f86d40f1000 4976             scala.collection.generic.GenMapFactory$MapCanBuildFrom::apply (8 bytes)
Event: 687.132 Thread 0x00007f86d40f1000 nmethod 4976 0x00007f86d0ecf390 code [0x00007f86d0ecf4e0, 0x00007f86d0ecf578]
Event: 687.132 Thread 0x00007f86d40f1000 4977             scala.collection.generic.GenMapFactory$MapCanBuildFrom::scala$collection$generic$GenMapFactory$MapCanBuildFrom$$$o
Event: 687.134 Thread 0x00007f86d40f1000 nmethod 4977 0x00007f86d108b290 code [0x00007f86d108b3c0, 0x00007f86d108b438]
Event: 687.543 Thread 0x00007f86d40f4000 4978             scala.collection.mutable.LinkedHashMap$$anon$3::next (42 bytes)
Event: 687.545 Thread 0x00007f86d40f1000 4979             scala.collection.mutable.LinkedHashMap$$anon$3::cur_$eq (6 bytes)
Event: 687.546 Thread 0x00007f86d40f1000 nmethod 4979 0x00007f86d0ecf190 code [0x00007f86d0ecf2c0, 0x00007f86d0ecf338]
Event: 687.547 Thread 0x00007f86d40f4000 nmethod 4978 0x00007f86d0ecef10 code [0x00007f86d0ecf040, 0x00007f86d0ecf0f8]

GC Heap History (10 events):
Event: 385.720 GC heap before
{Heap before GC invocations=8 (full 0):
 PSYoungGen      total 902784K, used 902746K [0x00000007c0000000, 0x0000000800000000, 0x0000000800000000)
  eden space 810624K, 100% used [0x00000007c0000000,0x00000007f17a0000,0x00000007f17a0000)
  from space 92160K, 99% used [0x00000007f17a0000,0x00000007f7196b90,0x00000007f71a0000)
  to   space 128960K, 0% used [0x00000007f8210000,0x00000007f8210000,0x0000000800000000)
 ParOldGen       total 1048576K, used 58267K [0x0000000780000000, 0x00000007c0000000, 0x00000007c0000000)
  object space 1048576K, 5% used [0x0000000780000000,0x00000007838e6cd8,0x00000007c0000000)
 PSPermGen       total 75392K, used 75309K [0x0000000775a00000, 0x000000077a3a0000, 0x0000000780000000)
  object space 75392K, 99% used [0x0000000775a00000,0x000000077a38b4b0,0x000000077a3a0000)
Event: 386.453 GC heap after
Heap after GC invocations=8 (full 0):
 PSYoungGen      total 922496K, used 72038K [0x00000007c0000000, 0x0000000800000000, 0x0000000800000000)
  eden space 793536K, 0% used [0x00000007c0000000,0x00000007c0000000,0x00000007f06f0000)
  from space 128960K, 55% used [0x00000007f8210000,0x00000007fc869b88,0x0000000800000000)
  to   space 126080K, 0% used [0x00000007f06f0000,0x00000007f06f0000,0x00000007f8210000)
 ParOldGen       total 1048576K, used 94435K [0x0000000780000000, 0x00000007c0000000, 0x00000007c0000000)
  object space 1048576K, 9% used [0x0000000780000000,0x0000000785c38f28,0x00000007c0000000)
 PSPermGen       total 75392K, used 75309K [0x0000000775a00000, 0x000000077a3a0000, 0x0000000780000000)
  object space 75392K, 99% used [0x0000000775a00000,0x000000077a38b4b0,0x000000077a3a0000)
}
Event: 420.712 GC heap before
{Heap before GC invocations=9 (full 0):
 PSYoungGen      total 922496K, used 865574K [0x00000007c0000000, 0x0000000800000000, 0x0000000800000000)
  eden space 793536K, 100% used [0x00000007c0000000,0x00000007f06f0000,0x00000007f06f0000)
  from space 128960K, 55% used [0x00000007f8210000,0x00000007fc869b88,0x0000000800000000)
  to   space 126080K, 0% used [0x00000007f06f0000,0x00000007f06f0000,0x00000007f8210000)
 ParOldGen       total 1048576K, used 94435K [0x0000000780000000, 0x00000007c0000000, 0x00000007c0000000)
  object space 1048576K, 9% used [0x0000000780000000,0x0000000785c38f28,0x00000007c0000000)
 PSPermGen       total 75968K, used 75783K [0x0000000775a00000, 0x000000077a430000, 0x0000000780000000)
  object space 75968K, 99% used [0x0000000775a00000,0x000000077a401fc0,0x000000077a430000)
Event: 421.076 GC heap after
Heap after GC invocations=9 (full 0):
 PSYoungGen      total 919616K, used 34541K [0x00000007c0000000, 0x0000000800000000, 0x0000000800000000)
  eden space 793536K, 0% used [0x00000007c0000000,0x00000007c0000000,0x00000007f06f0000)
  from space 126080K, 27% used [0x00000007f06f0000,0x00000007f28ab640,0x00000007f8210000)
  to   space 123776K, 0% used [0x00000007f8720000,0x00000007f8720000,0x0000000800000000)
 ParOldGen       total 1048576K, used 123945K [0x0000000780000000, 0x00000007c0000000, 0x00000007c0000000)
  object space 1048576K, 11% used [0x0000000780000000,0x000000078790a698,0x00000007c0000000)
 PSPermGen       total 75968K, used 75783K [0x0000000775a00000, 0x000000077a430000, 0x0000000780000000)
  object space 75968K, 99% used [0x0000000775a00000,0x000000077a401fc0,0x000000077a430000)
}
Event: 612.564 GC heap before
{Heap before GC invocations=10 (full 0):
 PSYoungGen      total 919616K, used 828077K [0x00000007c0000000, 0x0000000800000000, 0x0000000800000000)
  eden space 793536K, 100% used [0x00000007c0000000,0x00000007f06f0000,0x00000007f06f0000)
  from space 126080K, 27% used [0x00000007f06f0000,0x00000007f28ab640,0x00000007f8210000)
  to   space 123776K, 0% used [0x00000007f8720000,0x00000007f8720000,0x0000000800000000)
 ParOldGen       total 1048576K, used 123945K [0x0000000780000000, 0x00000007c0000000, 0x00000007c0000000)
  object space 1048576K, 11% used [0x0000000780000000,0x000000078790a698,0x00000007c0000000)
 PSPermGen       total 76160K, used 76108K [0x0000000775a00000, 0x000000077a460000, 0x0000000780000000)
  object space 76160K, 99% used [0x0000000775a00000,0x000000077a453010,0x000000077a460000)
Event: 613.129 GC heap after
Heap after GC invocations=10 (full 0):
 PSYoungGen      total 912000K, used 93033K [0x00000007c0000000, 0x0000000800000000, 0x0000000800000000)
  eden space 788224K, 0% used [0x00000007c0000000,0x00000007c0000000,0x00000007f01c0000)
  from space 123776K, 75% used [0x00000007f8720000,0x00000007fe1fa420,0x0000000800000000)
  to   space 130176K, 0% used [0x00000007f01c0000,0x00000007f01c0000,0x00000007f80e0000)
 ParOldGen       total 1048576K, used 143419K [0x0000000780000000, 0x00000007c0000000, 0x00000007c0000000)
  object space 1048576K, 13% used [0x0000000780000000,0x0000000788c0ef08,0x00000007c0000000)
 PSPermGen       total 76160K, used 76108K [0x0000000775a00000, 0x000000077a460000, 0x0000000780000000)
  object space 76160K, 99% used [0x0000000775a00000,0x000000077a453010,0x000000077a460000)
}
Event: 641.982 GC heap before
{Heap before GC invocations=11 (full 0):
 PSYoungGen      total 912000K, used 881257K [0x00000007c0000000, 0x0000000800000000, 0x0000000800000000)
  eden space 788224K, 100% used [0x00000007c0000000,0x00000007f01c0000,0x00000007f01c0000)
  from space 123776K, 75% used [0x00000007f8720000,0x00000007fe1fa420,0x0000000800000000)
  to   space 130176K, 0% used [0x00000007f01c0000,0x00000007f01c0000,0x00000007f80e0000)
 ParOldGen       total 1048576K, used 143419K [0x0000000780000000, 0x00000007c0000000, 0x00000007c0000000)
  object space 1048576K, 13% used [0x0000000780000000,0x0000000788c0ef08,0x00000007c0000000)
 PSPermGen       total 76160K, used 76126K [0x0000000775a00000, 0x000000077a460000, 0x0000000780000000)
  object space 76160K, 99% used [0x0000000775a00000,0x000000077a457a70,0x000000077a460000)
Event: 642.693 GC heap after
Heap after GC invocations=11 (full 0):
 PSYoungGen      total 918400K, used 22629K [0x00000007c0000000, 0x0000000800000000, 0x0000000800000000)
  eden space 788224K, 0% used [0x00000007c0000000,0x00000007c0000000,0x00000007f01c0000)
  from space 130176K, 17% used [0x00000007f01c0000,0x00000007f17d9778,0x00000007f80e0000)
  to   space 129920K, 0% used [0x00000007f8120000,0x00000007f8120000,0x0000000800000000)
 ParOldGen       total 1048576K, used 228712K [0x0000000780000000, 0x00000007c0000000, 0x00000007c0000000)
  object space 1048576K, 21% used [0x0000000780000000,0x000000078df5a308,0x00000007c0000000)
 PSPermGen       total 76160K, used 76126K [0x0000000775a00000, 0x000000077a460000, 0x0000000780000000)
  object space 76160K, 99% used [0x0000000775a00000,0x000000077a457a70,0x000000077a460000)
}
Event: 675.791 GC heap before
{Heap before GC invocations=12 (full 0):
 PSYoungGen      total 918400K, used 810853K [0x00000007c0000000, 0x0000000800000000, 0x0000000800000000)
  eden space 788224K, 100% used [0x00000007c0000000,0x00000007f01c0000,0x00000007f01c0000)
  from space 130176K, 17% used [0x00000007f01c0000,0x00000007f17d9778,0x00000007f80e0000)
  to   space 129920K, 0% used [0x00000007f8120000,0x00000007f8120000,0x0000000800000000)
 ParOldGen       total 1048576K, used 228712K [0x0000000780000000, 0x00000007c0000000, 0x00000007c0000000)
  object space 1048576K, 21% used [0x0000000780000000,0x000000078df5a308,0x00000007c0000000)
 PSPermGen       total 76160K, used 76150K [0x0000000775a00000, 0x000000077a460000, 0x0000000780000000)
  object space 76160K, 99% used [0x0000000775a00000,0x000000077a45da28,0x000000077a460000)
Event: 676.424 GC heap after
Heap after GC invocations=12 (full 0):
 PSYoungGen      total 919872K, used 22250K [0x00000007c0000000, 0x0000000800000000, 0x0000000800000000)
  eden space 789952K, 0% used [0x00000007c0000000,0x00000007c0000000,0x00000007f0370000)
  from space 129920K, 17% used [0x00000007f8120000,0x00000007f96da948,0x0000000800000000)
  to   space 128704K, 0% used [0x00000007f0370000,0x00000007f0370000,0x00000007f8120000)
 ParOldGen       total 1048576K, used 238918K [0x0000000780000000, 0x00000007c0000000, 0x00000007c0000000)
  object space 1048576K, 22% used [0x0000000780000000,0x000000078e951bd8,0x00000007c0000000)
 PSPermGen       total 76160K, used 76150K [0x0000000775a00000, 0x000000077a460000, 0x0000000780000000)
  object space 76160K, 99% used [0x0000000775a00000,0x000000077a45da28,0x000000077a460000)
}

Deoptimization events (10 events):
Event: 611.936 Thread 0x00007f86d54da000 Uncommon trap -34 fr.pc 0x00007f86d0ed0a70
Event: 613.140 Thread 0x00007f86d54da000 Uncommon trap -12 fr.pc 0x00007f86d0d6ae8c
Event: 613.140 Thread 0x00007f86d54da000 Uncommon trap -12 fr.pc 0x00007f86d06fa3e8
Event: 616.270 Thread 0x00007f86d54da000 Uncommon trap -34 fr.pc 0x00007f86d0ed0a70
Event: 616.983 Thread 0x00007f86d54da000 Uncommon trap -58 fr.pc 0x00007f86d11e2580
Event: 616.983 Thread 0x00007f86d54da000 Uncommon trap -58 fr.pc 0x00007f86d11e2580
Event: 637.584 Thread 0x00007f86d54da000 Uncommon trap -34 fr.pc 0x00007f86d11a31b0
Event: 637.584 Thread 0x00007f86d54da000 Uncommon trap -34 fr.pc 0x00007f86d11a31b0
Event: 683.624 Thread 0x00007f86d54da000 Uncommon trap -34 fr.pc 0x00007f86d0f7ef38
Event: 683.667 Thread 0x00007f86d54da000 Uncommon trap -58 fr.pc 0x00007f86d0ec3728

Internal exceptions (10 events):
Event: 581.944 Thread 0x00007f86d54da000 Threw 0x00000007c66415d0 at /build/buildd/openjdk-6-6b32-1.13.4/build/openjdk/hotspot/src/share/vm/prims/jvm.cpp:1235
Event: 609.090 Thread 0x00007f86d54da000 Threw 0x00000007ebe08d28 at /build/buildd/openjdk-6-6b32-1.13.4/build/openjdk/hotspot/src/share/vm/interpreter/interpreterRuntime.c
Event: 609.446 Thread 0x00007f86d54da000 Threw 0x00000007ec79f108 at /build/buildd/openjdk-6-6b32-1.13.4/build/openjdk/hotspot/src/share/vm/interpreter/interpreterRuntime.c
Event: 609.631 Thread 0x00007f86d54da000 Threw 0x00000007ecbfc2e8 at /build/buildd/openjdk-6-6b32-1.13.4/build/openjdk/hotspot/src/share/vm/interpreter/interpreterRuntime.c
Event: 613.140 Thread 0x00007f86d54da000 Implicit null exception at 0x00007f86d0d6aa30 to 0x00007f86d0d6ae81
Event: 613.140 Thread 0x00007f86d54da000 Implicit null exception at 0x00007f86d06fa071 to 0x00007f86d06fa3de
Event: 616.906 Thread 0x00007f86d54da000 Threw 0x00000007c5f92478 at /build/buildd/openjdk-6-6b32-1.13.4/build/openjdk/hotspot/src/share/vm/interpreter/interpreterRuntime.c
Event: 641.646 Thread 0x00007f86d54da000 Threw 0x00000007efcd2110 at /build/buildd/openjdk-6-6b32-1.13.4/build/openjdk/hotspot/src/share/vm/interpreter/interpreterRuntime.c
Event: 656.910 Thread 0x00007f86d54da000 Threw 0x00000007d03512d0 at /build/buildd/openjdk-6-6b32-1.13.4/build/openjdk/hotspot/src/share/vm/interpreter/interpreterRuntime.c
Event: 678.982 Thread 0x00007f86d54da000 Threw 0x00000007c4afa710 at /build/buildd/openjdk-6-6b32-1.13.4/build/openjdk/hotspot/src/share/vm/interpreter/interpreterRuntime.c

Events (10 events):
Event: 655.200 Thread 0x00007f86d40f1000 flushing nmethod 0x00007f86d06f9e90
Event: 655.511 Thread 0x00007f86d40f1000 flushing nmethod 0x00007f86d0d6a810
Event: 655.517 Thread 0x00007f86d40f1000 flushing nmethod 0x00007f86d0ecee10
Event: 673.377 Thread 0x00007f86d40f1000 flushing nmethod 0x00007f86d11a0290
Event: 675.790 Executing VM operation: ParallelGCFailedAllocation
Event: 676.424 Executing VM operation: ParallelGCFailedAllocation done
Event: 683.624 Thread 0x00007f86d54da000 DEOPT PACKING pc=0x00007f86d0f7ef38 sp=0x00007f86cc68b340
Event: 683.624 Thread 0x00007f86d54da000 DEOPT UNPACKING pc=0x00007f86d05f5145 sp=0x00007f86cc68b2b0 mode 2
Event: 683.667 Thread 0x00007f86d54da000 DEOPT PACKING pc=0x00007f86d0ec3728 sp=0x00007f86cc68a9c0
Event: 683.667 Thread 0x00007f86d54da000 DEOPT UNPACKING pc=0x00007f86d05f5145 sp=0x00007f86cc68a988 mode 2


Dynamic libraries:
00400000-00409000 r-xp 00000000 08:01 17181368                           /usr/lib/jvm/java-6-openjdk-amd64/jre/bin/java
00608000-00609000 r--p 00008000 08:01 17181368                           /usr/lib/jvm/java-6-openjdk-amd64/jre/bin/java
00609000-0060a000 rw-p 00009000 08:01 17181368                           /usr/lib/jvm/java-6-openjdk-amd64/jre/bin/java
0177d000-0199a000 rw-p 00000000 00:00 0                                  [heap]
775a00000-77a490000 rw-p 00000000 00:00 0 
77a490000-780000000 rw-p 00000000 00:00 0 
780000000-800000000 rw-p 00000000 00:00 0 
7f868c000000-7f868c2a1000 rw-p 00000000 00:00 0 
7f868c2a1000-7f8690000000 ---p 00000000 00:00 0 
7f8690000000-7f86901a7000 rw-p 00000000 00:00 0 
7f86901a7000-7f8694000000 ---p 00000000 00:00 0 
7f8694000000-7f86940ae000 rw-p 00000000 00:00 0 
7f86940ae000-7f8698000000 ---p 00000000 00:00 0 
7f8698000000-7f869858a000 rw-p 00000000 00:00 0 
7f869858a000-7f869c000000 ---p 00000000 00:00 0 
7f869c000000-7f869c021000 rw-p 00000000 00:00 0 
7f869c021000-7f86a0000000 ---p 00000000 00:00 0 
7f86a0000000-7f86a0021000 rw-p 00000000 00:00 0 
7f86a0021000-7f86a4000000 ---p 00000000 00:00 0 
7f86a4000000-7f86a6634000 rw-p 00000000 00:00 0 
7f86a6634000-7f86a8000000 ---p 00000000 00:00 0 
7f86a8000000-7f86a9fe5000 rw-p 00000000 00:00 0 
7f86a9fe5000-7f86ac000000 ---p 00000000 00:00 0 
7f86ac000000-7f86ac021000 rw-p 00000000 00:00 0 
7f86ac021000-7f86b0000000 ---p 00000000 00:00 0 
7f86b0000000-7f86b0021000 rw-p 00000000 00:00 0 
7f86b0021000-7f86b4000000 ---p 00000000 00:00 0 
7f86b4000000-7f86b4021000 rw-p 00000000 00:00 0 
7f86b4021000-7f86b8000000 ---p 00000000 00:00 0 
7f86ba8b6000-7f86ba8b8000 r--s 00002000 08:01 4068410                    /home/morpheyesh/.ivy2/cache/jp.t2v/stackable-controller_2.10/jars/stackable-controller_2.10-0.4.0.jar
7f86ba8b8000-7f86ba8bc000 r--s 0001b000 08:01 3677869                    /home/morpheyesh/.ivy2/cache/jp.t2v/play2-auth_2.10/jars/play2-auth_2.10-0.12.0.jar
7f86ba8bc000-7f86ba8c2000 r--s 0005d000 08:01 4068408                    /home/morpheyesh/.ivy2/cache/spy/spymemcached/jars/spymemcached-2.8.9.jar
7f86ba8c2000-7f86ba8c5000 r--s 00007000 08:01 3677867                    /home/morpheyesh/.ivy2/cache/com.github.mumoshu/play2-memcached_2.10/jars/play2-memcached_2.10-0.3.0.2.jar
7f86ba8c5000-7f86ba8d5000 r--s 00080000 08:01 2627579                    /home/morpheyesh/.ivy2/cache/joda-time/joda-time/jars/joda-time-2.4.jar
7f86ba8d5000-7f86ba9f2000 r--s 00ba1000 08:01 3805971                    /home/morpheyesh/.ivy2/cache/com.amazonaws/aws-java-sdk/jars/aws-java-sdk-1.8.4.jar
7f86ba9f2000-7f86ba9f8000 r--s 00032000 08:01 5507140                    /home/morpheyesh/.ivy2/cache/org.apache.httpcomponents/httpcore/jars/httpcore-4.2.4.jar
7f86ba9f8000-7f86baa01000 r--s 00061000 08:01 5507139                    /home/morpheyesh/.ivy2/cache/org.apache.httpcomponents/httpclient/jars/httpclient-4.2.5.jar
7f86baa01000-7f86baa08000 r--s 0005e000 08:01 5505106                    /home/morpheyesh/.ivy2/cache/org.apache.commons/commons-lang3/jars/commons-lang3-3.3.2.jar
7f86baa08000-7f86baa0d000 r--s 00030000 08:01 3805960                    /home/morpheyesh/.ivy2/cache/org.apache.thrift/libthrift/jars/libthrift-0.9.1.jar
7f86baa0d000-7f86baa17000 r--s 00057000 08:01 3805959                    /home/morpheyesh/.ivy2/cache/com.rabbitmq/amqp-client/jars/amqp-client-3.3.4.jar
7f86baa17000-7f86baa1a000 r--s 00019000 08:01 4068404                    /home/morpheyesh/.ivy2/cache/commons-pool/commons-pool/jars/commons-pool-1.6.jar
7f86baa1a000-7f86baa20000 r--s 00068000 08:01 5506297                    /home/morpheyesh/.ivy2/cache/com.google.protobuf/protobuf-java/jars/protobuf-java-2.4.1.jar
7f86baa20000-7f86baa23000 r--s 00038000 08:01 4068406                    /home/morpheyesh/.ivy2/cache/com.basho.riak.protobuf/riak-pb/bundles/riak-pb-1.2.1.jar
7f86baa23000-7f86baa25000 r--s 0000d000 08:01 5507138                    /home/morpheyesh/.ivy2/cache/commons-logging/commons-logging/jars/commons-logging-1.1.1.jar
7f86baa25000-7f86baa32000 r--s 00078000 08:01 4068402                    /home/morpheyesh/.ivy2/cache/com.basho.riak/riak-client/bundles/riak-client-1.1.0.jar
7f86baa32000-7f86baa38000 r--s 0002e000 08:01 5904091                    /home/morpheyesh/.ivy2/cache/org.scalaz/scalaz-iterv_2.10/bundles/scalaz-iterv_2.10-7.0.3.jar
7f86baa38000-7f86baa42000 r--s 0005f000 08:01 5506294                    /home/morpheyesh/.ivy2/cache/org.scalaz/scalaz-effect_2.10/bundles/scalaz-effect_2.10-7.0.3.jar
7f86baa42000-7f86baa57000 r--s 000a6000 08:01 5772681                    /home/morpheyesh/.ivy2/cache/org.scalaz/scalaz-iteratee_2.10/bundles/scalaz-iteratee_2.10-7.0.3.jar
7f86baa57000-7f86baa63000 r--s 00075000 08:01 3806274                    /home/morpheyesh/.ivy2/cache/com.stackmob/scaliak_2.10/jars/scaliak_2.10-0.9.0.jar
7f86baa63000-7f86baa65000 r--s 00006000 08:01 4068400                    /home/morpheyesh/.ivy2/cache/com.thoughtworks.paranamer/paranamer/jars/paranamer-2.4.1.jar
7f86baa65000-7f86bab58000 r--s 00c8c000 08:01 2627036                    /home/morpheyesh/.ivy2/cache/org.scala-lang/scala-compiler/jars/scala-compiler-2.10.0.jar
7f86bab58000-7f86bab6b000 r--s 000be000 08:01 4068398                    /home/morpheyesh/.ivy2/cache/org.scala-lang/scalap/jars/scalap-2.10.0.jar
7f86bab6b000-7f86bab74000 r--s 0006f000 08:01 4068396                    /home/morpheyesh/.ivy2/cache/net.liftweb/lift-json_2.10/jars/lift-json_2.10-2.5.1.jar
7f86bab74000-7f86bab77000 r--s 00018000 08:01 3806272                    /home/morpheyesh/.ivy2/cache/net.liftweb/lift-json-scalaz7_2.10/jars/lift-json-scalaz7_2.10-2.5.1.jar
7f86bab77000-7f86bac2e000 r--s 00815000 08:01 5506292                    /home/morpheyesh/.ivy2/cache/org.scalaz/scalaz-core_2.10/bundles/scalaz-core_2.10-7.0.6.jar
7f86bac2e000-7f86bac43000 r--s 000e6000 08:01 2365065                    /home/morpheyesh/.ivy2/cache/com.github.indykish/megam_common_2.10/jars/megam_common_2.10-0.5.1.jar
7f86bac43000-7f86bac49000 r--s 00035000 08:01 5505105                    /home/morpheyesh/.ivy2/cache/com.typesafe.play/filters-helpers_2.10/jars/filters-helpers_2.10-2.3.2.jar
7f86bac49000-7f86bac4e000 r--s 00015000 08:01 3806262                    /home/morpheyesh/.ivy2/cache/org.hibernate.javax.persistence/hibernate-jpa-2.0-api/jars/hibernate-jpa-2.0-api-1.0.1.Final.jar
7f86bac4e000-7f86bac6b000 r--s 00168000 08:01 6167586                    /home/morpheyesh/.ivy2/cache/org.avaje.ebeanorm/avaje-ebeanorm/jars/avaje-ebeanorm-3.3.4.jar
7f86bac6b000-7f86bac70000 r--s 0002d000 08:01 3806266                    /home/morpheyesh/.ivy2/cache/tyrex/tyrex/jars/tyrex-1.0.1.jar
7f86bac70000-7f86bac73000 r--s 00019000 08:01 3806264                    /home/morpheyesh/.ivy2/cache/com.jolbox/bonecp/bundles/bonecp-0.8.0.RELEASE.jar
7f86bac73000-7f86bac78000 r--s 0002d000 08:01 6167599                    /home/morpheyesh/.ivy2/cache/com.typesafe.play/play-jdbc_2.10/jars/play-jdbc_2.10-2.3.2.jar
7f86bac78000-7f86bac79000 r--s 00000000 08:01 6034106                    /home/morpheyesh/.ivy2/cache/com.typesafe.play/play-java-jdbc_2.10/jars/play-java-jdbc_2.10-2.3.2.jar
7f86bac79000-7f86bac7b000 r--s 00002000 08:01 6034101                    /home/morpheyesh/.ivy2/cache/com.typesafe.play/play-java-ebean_2.10/jars/play-java-ebean_2.10-2.3.2.jar
7f86bac7b000-7f86bac96000 r--s 0012e000 08:01 3806260                    /home/morpheyesh/.ivy2/cache/net.sf.ehcache/ehcache-core/jars/ehcache-core-2.6.8.jar
7f86bac96000-7f86bac98000 r--s 00009000 08:01 6034072                    /home/morpheyesh/.ivy2/cache/com.typesafe.play/play-cache_2.10/jars/play-cache_2.10-2.3.2.jar
7f86bac98000-7f86bac9c000 r--s 00038000 08:01 3806252                    /home/morpheyesh/.ivy2/cache/org.apache.tomcat/tomcat-servlet-api/jars/tomcat-servlet-api-8.0.5.jar
7f86bac9c000-7f86bac9f000 r--s 00006000 08:01 3806250                    /home/morpheyesh/.ivy2/cache/com.google.code.findbugs/jsr305/jars/jsr305-2.0.3.jar
7f86bac9f000-7f86baca4000 r--s 00048000 08:01 3806258                    /home/morpheyesh/.ivy2/cache/dom4j/dom4j/jars/dom4j-1.6.1.jar
7f86baca4000-7f86baca7000 r--s 00017000 08:01 3806248                    /home/morpheyesh/.ivy2/cache/org.reflections/reflections/jars/reflections-0.9.8.jar
7f86baca7000-7f86bacb3000 r--s 00098000 08:01 3806246                    /home/morpheyesh/.ivy2/cache/org.springframework/spring-beans/jars/spring-beans-4.0.3.RELEASE.jar
7f86bacb3000-7f86bacc7000 r--s 000da000 08:01 3677877                    /home/morpheyesh/.ivy2/cache/org.springframework/spring-core/jars/spring-core-4.0.3.RELEASE.jar
7f86bacc7000-7f86bacde000 r--s 000d8000 08:01 3677875                    /home/morpheyesh/.ivy2/cache/org.springframework/spring-context/jars/spring-context-4.0.3.RELEASE.jar
7f86bacde000-7f86bace0000 r--s 0000d000 08:01 6034096                    /home/morpheyesh/.ivy2/cache/com.fasterxml/classmate/bundles/classmate-1.0.0.jar
7f86bace0000-7f86bace2000 r--s 0000d000 08:01 3806256                    /home/morpheyesh/.ivy2/cache/org.jboss.logging/jboss-logging/jars/jboss-logging-3.1.1.GA.jar
7f86bace2000-7f86bace6000 r--s 0000c000 08:01 3806254                    /home/morpheyesh/.ivy2/cache/javax.validation/validation-api/jars/validation-api-1.1.0.Final.jar
7f86bace6000-7f86bacf3000 r--s 00080000 08:01 3677873                    /home/morpheyesh/.ivy2/cache/org.hibernate/hibernate-validator/jars/hibernate-validator-5.0.3.Final.jar
7f86bacf3000-7f86bacf9000 r--s 0003d000 08:01 3677871                    /home/morpheyesh/.ivy2/cache/org.yaml/snakeyaml/bundles/snakeyaml-1.13.jar
7f86bacf9000-7f86bacfc000 r--s 00012000 08:01 6034071                    /home/morpheyesh/.ivy2/cache/com.typesafe.play/play-java_2.10/jars/play-java_2.10-2.3.2.jar
7f86bacfc000-7f86bacfd000 r--s 00003000 08:01 2889929                    /home/morpheyesh/.ivy2/cache/javax.transaction/jta/jars/jta-1.1.jar
7f86bacfd000-7f86bacfe000 r--s 00003000 08:01 6034164                    /home/morpheyesh/.ivy2/cache/com.typesafe.akka/akka-slf4j_2.10/jars/akka-slf4j_2.10-2.3.4.jar
7f86bacfe000-7f86bad23000 r--s 0024b000 08:01 5507133                    /home/morpheyesh/.ivy2/cache/com.typesafe.akka/akka-actor_2.10/jars/akka-actor_2.10-2.3.4.jar
7f86bad23000-7f86bad29000 r--s 0003d000 08:01 1839630                    /home/morpheyesh/.ivy2/cache/ch.qos.logback/logback-classic/jars/logback-classic-1.1.1.jar
7f86bad29000-7f86bad33000 r--s 0005f000 08:01 1708872                    /home/morpheyesh/.ivy2/cache/ch.qos.logback/logback-core/jars/logback-core-1.1.1.jar
7f86bad33000-7f86bad35000 r--s 00003000 08:01 6034088                    /home/morpheyesh/.ivy2/cache/org.slf4j/jcl-over-slf4j/jars/jcl-over-slf4j-1.7.6.jar
7f86bad35000-7f86bad36000 r--s 00001000 08:01 6034086                    /home/morpheyesh/.ivy2/cache/org.slf4j/jul-to-slf4j/jars/jul-to-slf4j-1.7.6.jar
7f86bad36000-7f86bad38000 r--s 00006000 08:01 5506287                    /home/morpheyesh/.ivy2/cache/org.slf4j/slf4j-api/jars/slf4j-api-1.7.6.jar
7f86bad38000-7f86bad39000 r--s 00001000 08:01 1708870                    /home/morpheyesh/.ivy2/cache/com.typesafe.netty/netty-http-pipelining/jars/netty-http-pipelining-1.1.2.jar
7f86bad39000-7f86bad52000 r--s 00126000 08:01 5506286                    /home/morpheyesh/.ivy2/cache/io.netty/netty/bundles/netty-3.9.2.Final.jar
7f86bad52000-7f86bad63000 r--s 000cf000 08:01 5506291                    /home/morpheyesh/.ivy2/cache/com.fasterxml.jackson.core/jackson-databind/bundles/jackson-databind-2.3.2.jar
7f86bad63000-7f86bad66000 r--s 0002e000 08:01 5506289                    /home/morpheyesh/.ivy2/cache/com.fasterxml.jackson.core/jackson-core/bundles/jackson-core-2.3.2.jar
7f86bad66000-7f86bad68000 r--s 00007000 08:01 5506290                    /home/morpheyesh/.ivy2/cache/com.fasterxml.jackson.core/jackson-annotations/bundles/jackson-annotations-2.3.2.jar
7f86bad68000-7f86bad6c000 r--s 00015000 08:01 2759128                    /home/morpheyesh/.ivy2/cache/org.joda/joda-convert/jars/joda-convert-1.6.jar
7f86bad6c000-7f86bad75000 r--s 00055000 08:01 6034104                    /home/morpheyesh/.ivy2/cache/com.typesafe.play/play-functional_2.10/jars/play-functional_2.10-2.3.2.jar
7f86bad75000-7f86bad81000 r--s 0008f000 08:01 6034103                    /home/morpheyesh/.ivy2/cache/com.typesafe.play/play-json_2.10/jars/play-json_2.10-2.3.2.jar
7f86bad81000-7f86badce000 r--s 00367000 08:01 6034070                    /home/morpheyesh/.ivy2/cache/com.typesafe.play/play_2.10/jars/play_2.10-2.3.2.jar
7f86badce000-7f86badd1000 ---p 00000000 00:00 0 
7f86badd1000-7f86baecf000 rw-p 00000000 00:00 0 
7f86baecf000-7f86baed2000 ---p 00000000 00:00 0 
7f86baed2000-7f86bafd0000 rw-p 00000000 00:00 0 
7f86bafd0000-7f86bafd3000 ---p 00000000 00:00 0 
7f86bafd3000-7f86bb0d1000 rw-p 00000000 00:00 0                          [stack:9114]
7f86bb0d1000-7f86bb0d4000 ---p 00000000 00:00 0 
7f86bb0d4000-7f86bb1d2000 rw-p 00000000 00:00 0 
7f86bb1d2000-7f86bb1d4000 r-xp 00000000 08:01 7738371                    /home/morpheyesh/code/megam/workspace/megam_gateway/target/native_libraries/64bits/libjnotify.so
7f86bb1d4000-7f86bb3d3000 ---p 00002000 08:01 7738371                    /home/morpheyesh/code/megam/workspace/megam_gateway/target/native_libraries/64bits/libjnotify.so
7f86bb3d3000-7f86bb3d4000 r--p 00001000 08:01 7738371                    /home/morpheyesh/code/megam/workspace/megam_gateway/target/native_libraries/64bits/libjnotify.so
7f86bb3d4000-7f86bb3d5000 rw-p 00002000 08:01 7738371                    /home/morpheyesh/code/megam/workspace/megam_gateway/target/native_libraries/64bits/libjnotify.so
7f86bb3d5000-7f86bb3d8000 r--s 00029000 08:01 5505093                    /home/morpheyesh/.ivy2/cache/com.jcraft/jsch/jars/jsch-0.1.38.jar
7f86bb3d8000-7f86bb3d9000 r--s 00001000 08:01 6034105                    /home/morpheyesh/.ivy2/cache/com.typesafe.play/play-datacommons_2.10/jars/play-datacommons_2.10-2.3.2.jar
7f86bb3d9000-7f86bb3e2000 r--s 00096000 08:01 2494916                    /home/morpheyesh/.ivy2/cache/org.scala-stm/scala-stm_2.10/jars/scala-stm_2.10-0.7.jar
7f86bb3e2000-7f86bb3f4000 r--s 000a7000 08:01 6034102                    /home/morpheyesh/.ivy2/cache/com.typesafe.play/play-iteratees_2.10/jars/play-iteratees_2.10-2.3.2.jar
7f86bb3f4000-7f86bb3f6000 r--s 00014000 08:01 5506335                    /home/morpheyesh/.ivy2/cache/org.scala-sbt/apply-macro/jars/apply-macro-0.13.5.jar
7f86bb3f6000-7f86bb400000 r--s 00090000 08:01 5376610                    /home/morpheyesh/.ivy2/cache/org.scala-sbt/main-settings/jars/main-settings-0.13.5.jar
7f86bb400000-7f86bb402000 r--s 00002000 08:01 5506333                    /home/morpheyesh/.ivy2/cache/org.scala-sbt/test-interface/jars/test-interface-1.0.jar
7f86bb402000-7f86bb403000 r--s 00005000 08:01 5506331                    /home/morpheyesh/.ivy2/cache/org.scala-sbt/test-agent/jars/test-agent-0.13.5.jar
7f86bb403000-7f86bb406000 r--s 00017000 08:01 5506317                    /home/morpheyesh/.ivy2/cache/org.scala-sbt/testing/jars/testing-0.13.5.jar
7f86bb406000-7f86bb409000 r--s 0001a000 08:01 5506329                    /home/morpheyesh/.ivy2/cache/org.scala-sbt/cache/jars/cache-0.13.5.jar
7f86bb409000-7f86bb40a000 r--s 0000a000 08:01 5506315                    /home/morpheyesh/.ivy2/cache/org.scala-sbt/tracking/jars/tracking-0.13.5.jar
7f86bb40a000-7f86bb40d000 r--s 0001d000 08:01 5506313                    /home/morpheyesh/.ivy2/cache/org.scala-sbt/tasks/jars/tasks-0.13.5.jar
7f86bb40d000-7f86bb410000 r--s 0001d000 08:01 5506311                    /home/morpheyesh/.ivy2/cache/org.scala-sbt/task-system/jars/task-system-0.13.5.jar
7f86bb410000-7f86bb413000 r--s 0001e000 08:01 5506305                    /home/morpheyesh/.ivy2/cache/org.scala-sbt/run/jars/run-0.13.5.jar
7f86bb413000-7f86bb417000 r--s 00034000 08:01 5506327                    /home/morpheyesh/.ivy2/cache/com.jcraft/jsch/jars/jsch-0.1.46.jar
7f86bb417000-7f86bb42c000 r--s 00116000 08:01 5506325                    /home/morpheyesh/.ivy2/cache/org.apache.ivy/ivy/jars/ivy-2.3.0.jar
7f86bb42c000-7f86bb42e000 r--s 00001000 08:01 5506323                    /home/morpheyesh/.ivy2/cache/org.scala-sbt/cross/jars/cross-0.13.5.jar
7f86bb42e000-7f86bb439000 r--s 000a3000 08:01 5506303                    /home/morpheyesh/.ivy2/cache/org.scala-sbt/ivy/jars/ivy-0.13.5.jar
7f86bb439000-7f86bb43b000 r--s 00001000 08:01 5506309                    /home/morpheyesh/.ivy2/cache/org.scala-sbt/compiler-ivy-integration/jars/compiler-ivy-integration-0.13.5.jar
7f86bb43b000-7f86bb43e000 r--s 00012000 08:01 5506319                    /home/morpheyesh/.ivy2/cache/org.scala-sbt/classfile/jars/classfile-0.13.5.jar
7f86bb43e000-7f86bb442000 r--s 00022000 08:01 5506321                    /home/morpheyesh/.ivy2/cache/org.scala-tools.sbinary/sbinary_2.10/jars/sbinary_2.10-0.4.2.jar
7f86bb442000-7f86bb446000 r--s 00024000 08:01 5116836                    /home/morpheyesh/.ivy2/cache/org.scala-sbt/persist/jars/persist-0.13.5.jar
7f86bb446000-7f86bb449000 r--s 00019000 08:01 4985459                    /home/morpheyesh/.ivy2/cache/org.scala-sbt/compile/jars/compile-0.13.5.jar
7f86bb449000-7f86bb44b000 r--s 00006000 08:01 4855713                    /home/morpheyesh/.ivy2/cache/org.scala-sbt/relation/jars/relation-0.13.5.jar
7f86bb44b000-7f86bb44f000 r--s 0001b000 08:01 4724977                    /home/morpheyesh/.ivy2/cache/org.scala-sbt/process/jars/process-0.13.5.jar
7f86bb44f000-7f86bb452000 r--s 00018000 08:01 4593275                    /home/morpheyesh/.ivy2/cache/org.scala-sbt/logging/jars/logging-0.13.5.jar
7f86bb452000-7f86bb45a000 r--s 0005e000 08:01 4461743                    /home/morpheyesh/.ivy2/cache/org.scala-sbt/incremental-compiler/jars/incremental-compiler-0.13.5.jar
7f86bb45a000-7f86bb45d000 r--s 0000e000 08:01 4330203                    /home/morpheyesh/.ivy2/cache/org.scala-sbt/compiler-integration/jars/compiler-integration-0.13.5.jar
7f86bb45d000-7f86bb464000 r--s 00049000 08:01 4200287                    /home/morpheyesh/.ivy2/cache/org.scala-sbt/api/jars/api-0.13.5.jar
7f86bb464000-7f86bb467000 r--s 00030000 08:01 3806068                    /home/morpheyesh/.ivy2/cache/jline/jline/jars/jline-2.11.jar
7f86bb467000-7f86bb46f000 r--s 0005c000 08:01 3542797                    /home/morpheyesh/.ivy2/cache/org.scala-sbt/collections/jars/collections-0.13.5.jar
7f86bb46f000-7f86bb477000 r--s 00057000 08:01 3413787                    /home/morpheyesh/.ivy2/cache/org.scala-sbt/completion/jars/completion-0.13.5.jar
7f86bb477000-7f86bb479000 r--s 00002000 08:01 3280932                    /home/morpheyesh/.ivy2/cache/org.scala-sbt/control/jars/control-0.13.5.jar
7f86bb479000-7f86bb47f000 r--s 0003d000 08:01 3152036                    /home/morpheyesh/.ivy2/cache/org.scala-sbt/io/jars/io-0.13.5.jar
7f86bb47f000-7f86bb481000 r--s 0000b000 08:01 3021065                    /home/morpheyesh/.ivy2/cache/org.scala-sbt/interface/jars/interface-0.13.5.jar
7f86bb481000-7f86bb483000 r--s 00001000 08:01 2889654                    /home/morpheyesh/.ivy2/cache/org.scala-sbt/launcher-interface/jars/launcher-interface-0.13.5.jar
7f86bb483000-7f86bb486000 r--s 00013000 08:01 2494711                    /home/morpheyesh/.ivy2/cache/org.scala-sbt/classpath/jars/classpath-0.13.5.jar
7f86bb486000-7f86bb48f000 r--s 00064000 08:01 2364791                    /home/morpheyesh/.ivy2/cache/org.scala-sbt/actions/jars/actions-0.13.5.jar
7f86bb48f000-7f86bb4b6000 r--s 00200000 08:01 2235224                    /home/morpheyesh/.ivy2/cache/org.scala-sbt/main/jars/main-0.13.5.jar
7f86bb4b6000-7f86bb4b7000 r--s 00005000 08:01 5376373                    /home/morpheyesh/.ivy2/cache/org.scala-sbt/sbt/jars/sbt-0.13.5.jar
7f86bb4b7000-7f86bb4b9000 r--s 00016000 08:01 5507127                    /home/morpheyesh/.ivy2/cache/org.eclipse.jetty/jetty-http/jars/jetty-http-8.1.14.v20131031.jar
7f86bb4b9000-7f86bb4bc000 r--s 00017000 08:01 5507125                    /home/morpheyesh/.ivy2/cache/org.eclipse.jetty/jetty-io/jars/jetty-io-8.1.14.v20131031.jar
7f86bb4bc000-7f86bb4c1000 r--s 00042000 08:01 5507123                    /home/morpheyesh/.ivy2/cache/org.eclipse.jetty/jetty-util/jars/jetty-util-8.1.14.v20131031.jar
7f86bb4c1000-7f86bb4c4000 r--s 0001d000 08:01 5507113                    /home/morpheyesh/.ivy2/cache/org.eclipse.jetty/jetty-websocket/jars/jetty-websocket-8.1.14.v20131031.jar
7f86bb4c4000-7f86bb4c5000 r--s 00003000 08:01 5507121                    /home/morpheyesh/.ivy2/cache/org.w3c.css/sac/jars/sac-1.3.jar
7f86bb4c5000-7f86bb4c9000 r--s 00053000 08:01 5507107                    /home/morpheyesh/.ivy2/cache/net.sourceforge.cssparser/cssparser/jars/cssparser-0.9.13.jar
7f86bb4c9000-7f86bb4cc000 r--s 0001c000 08:01 5507105                    /home/morpheyesh/.ivy2/cache/net.sourceforge.nekohtml/nekohtml/jars/nekohtml-1.9.20.jar
7f86bb4cc000-7f86bb4d5000 r--s 0002d000 08:01 5507119                    /home/morpheyesh/.ivy2/cache/xml-apis/xml-apis/jars/xml-apis-1.4.01.jar
7f86bb4d5000-7f86bb4ee000 r--s 00135000 08:01 5507103                    /home/morpheyesh/.ivy2/cache/xerces/xercesImpl/jars/xercesImpl-2.11.0.jar
7f86bb4ee000-7f86bb4fc000 r--s 000ed000 08:01 5507101                    /home/morpheyesh/.ivy2/cache/net.sourceforge.htmlunit/htmlunit-core-js/jars/htmlunit-core-js-2.14.jar
7f86bb4fc000-7f86bb503000 r--s 0003a000 08:01 5507099                    /home/morpheyesh/.ivy2/cache/commons-codec/commons-codec/jars/commons-codec-1.9.jar
7f86bb503000-7f86bb505000 r--s 00008000 08:01 5507097                    /home/morpheyesh/.ivy2/cache/org.apache.httpcomponents/httpmime/jars/httpmime-4.3.2.jar
7f86bb505000-7f86bb507000 r--s 0000e000 08:01 5507111                    /home/morpheyesh/.ivy2/cache/commons-logging/commons-logging/jars/commons-logging-1.1.3.jar
7f86bb507000-7f86bb50d000 r--s 0003f000 08:01 5507117                    /home/morpheyesh/.ivy2/cache/org.apache.httpcomponents/httpcore/jars/httpcore-4.3.1.jar
7f86bb50d000-7f86bb519000 r--s 00084000 08:01 5507095                    /home/morpheyesh/.ivy2/cache/org.apache.httpcomponents/httpclient/jars/httpclient-4.3.2.jar
7f86bb519000-7f86bb520000 r--s 00058000 08:01 5507093                    /home/morpheyesh/.ivy2/cache/org.apache.commons/commons-lang3/jars/commons-lang3-3.2.1.jar
7f86bb520000-7f86bb52e000 r--s 0007f000 08:01 5507091                    /home/morpheyesh/.ivy2/cache/commons-collections/commons-collections/jars/commons-collections-3.2.1.jar
7f86bb52e000-7f86bb531000 r--s 00041000 08:01 5507115                    /home/morpheyesh/.ivy2/cache/xalan/serializer/jars/serializer-2.7.1.jar
7f86bb531000-7f86bb556000 r--s 002e3000 08:01 5507089                    /home/morpheyesh/.ivy2/cache/xalan/xalan/jars/xalan-2.7.1.jar
7f86bb556000-7f86bb570000 r--s 00147000 08:01 5507075                    /home/morpheyesh/.ivy2/cache/net.sourceforge.htmlunit/htmlunit/jars/htmlunit-2.14.jar
7f86bb570000-7f86bb572000 r--s 0000e000 08:01 5507087                    /home/morpheyesh/.ivy2/cache/org.jvnet.mimepull/mimepull/jars/mimepull-1.9.4.jar
7f86bb572000-7f86bb57c000 r--s 00067000 08:01 5507081                    /home/morpheyesh/.ivy2/cache/io.spray/spray-httpx/bundles/spray-httpx-1.3.1.jar
7f86bb57c000-7f86bb59a000 r--s 00158000 08:01 5507079                    /home/morpheyesh/.ivy2/cache/io.spray/spray-http/bundles/spray-http-1.3.1.jar
7f86bb59a000-7f86bb59d000 r--s 0001d000 08:01 5507083                    /home/morpheyesh/.ivy2/cache/io.spray/spray-util/bundles/spray-util-1.3.1.jar
7f86bb59d000-7f86bb5a2000 r--s 0002b000 08:01 5507085                    /home/morpheyesh/.ivy2/cache/io.spray/spray-io/bundles/spray-io-1.3.1.jar
7f86bb5a2000-7f86bb5ae000 r--s 000a7000 08:01 5507077                    /home/morpheyesh/.ivy2/cache/io.spray/spray-can/bundles/spray-can-1.3.1.jar
7f86bb5ae000-7f86bb5b0000 r--s 0000a000 08:01 5507073                    /home/morpheyesh/.ivy2/cache/io.spray/spray-client/bundles/spray-client-1.3.1.jar
7f86bb5b0000-7f86bb5b3000 r--s 0001c000 08:01 5507071                    /home/morpheyesh/.ivy2/cache/com.typesafe/webdriver_2.10/jars/webdriver_2.10-1.0.0.jar
7f86bb5b3000-7f86bb5b4000 r--s 00004000 08:01 5506046                    /home/morpheyesh/.ivy2/cache/scala_2.10/sbt_0.13/com.typesafe.sbt/sbt-webdriver/jars/sbt-webdriver-1.0.0.jar
7f86bb5b4000-7f86bb5ba000 r--s 00037000 08:01 5507009                    /home/morpheyesh/.ivy2/cache/scala_2.10/sbt_0.13/com.typesafe.sbt/sbt-web/jars/sbt-web-1.0.2.jar
7f86bb5ba000-7f86bb5bd000 r--s 0002e000 08:01 5507069                    /home/morpheyesh/.ivy2/cache/com.fasterxml.jackson.core/jackson-core/bundles/jackson-core-2.3.3.jar
7f86bb5bd000-7f86bb5bf000 r--s 00007000 08:01 5507067                    /home/morpheyesh/.ivy2/cache/com.fasterxml.jackson.core/jackson-annotations/bundles/jackson-annotations-2.3.0.jar
7f86bb5bf000-7f86bb5d0000 r--s 000cf000 08:01 5507065                    /home/morpheyesh/.ivy2/cache/com.fasterxml.jackson.core/jackson-databind/bundles/jackson-databind-2.3.3.jar
7f86bb5d0000-7f86bb5d2000 r--s 00005000 08:01 5507063                    /home/morpheyesh/.ivy2/cache/org.webjars/webjars-locator/jars/webjars-locator-0.14.jar
7f86bb5d2000-7f86bb5fa000 r--s 00196000 08:01 5507061                    /home/morpheyesh/.ivy2/cache/org.webjars/npm/jars/npm-1.3.26.jar
7f86bb5fa000-7f86bb5fb000 r--s 00001000 08:01 5507007                    /home/morpheyesh/.ivy2/cache/com.typesafe/npm_2.10/jars/npm_2.10-1.0.0.jar
7f86bb5fb000-7f86bb5fc000 r--s 00002000 08:01 5507021                    /home/morpheyesh/.ivy2/cache/org.slf4j/slf4j-simple/jars/slf4j-simple-1.7.7.jar
7f86bb5fc000-7f86bb601000 r--s 00029000 08:01 5507057                    /home/morpheyesh/.ivy2/cache/org.parboiled/parboiled-core/bundles/parboiled-core-1.1.6.jar
7f86bb601000-7f86bb606000 r--s 00036000 08:01 5507055                    /home/morpheyesh/.ivy2/cache/org.parboiled/parboiled-scala_2.10/bundles/parboiled-scala_2.10-1.1.6.jar
7f86bb606000-7f86bb60c000 r--s 00049000 08:01 5507019                    /home/morpheyesh/.ivy2/cache/io.spray/spray-json_2.10/bundles/spray-json_2.10-1.2.6.jar
7f86bb60c000-7f86bb60e000 r--s 00066000 08:01 5507017                    /home/morpheyesh/.ivy2/cache/io.apigee.trireme/trireme-node10src/jars/trireme-node10src-0.7.5.jar
7f86bb60e000-7f86bb616000 r--s 0005a000 08:01 5507015                    /home/morpheyesh/.ivy2/cache/io.apigee.trireme/trireme-core/jars/trireme-core-0.7.5.jar
7f86bb616000-7f86bb617000 r--s 0001e000 08:01 5507051                    /home/morpheyesh/.ivy2/cache/org.fusesource.leveldbjni/leveldbjni-win64/jars/leveldbjni-win64-1.5.jar
7f86bb617000-7f86bb618000 r--s 0001b000 08:01 5507049                    /home/morpheyesh/.ivy2/cache/org.fusesource.leveldbjni/leveldbjni-win32/jars/leveldbjni-win32-1.5.jar
7f86bb618000-7f86bb619000 r--s 00044000 08:01 5507047                    /home/morpheyesh/.ivy2/cache/org.fusesource.leveldbjni/leveldbjni-linux64/jars/leveldbjni-linux64-1.5.jar
7f86bb619000-7f86bb61a000 r--s 00044000 08:01 5507045                    /home/morpheyesh/.ivy2/cache/org.fusesource.leveldbjni/leveldbjni-linux32/jars/leveldbjni-linux32-1.5.jar
7f86bb61a000-7f86bb61b000 r--s 00028000 08:01 5507043                    /home/morpheyesh/.ivy2/cache/org.fusesource.leveldbjni/leveldbjni-osx/jars/leveldbjni-osx-1.5.jar
7f86bb61b000-7f86bb61c000 r--s 00004000 08:01 5507053                    /home/morpheyesh/.ivy2/cache/org.fusesource.hawtjni/hawtjni-runtime/jars/hawtjni-runtime-1.8.jar
7f86bb61c000-7f86bb61e000 r--s 0000c000 08:01 5507041                    /home/morpheyesh/.ivy2/cache/org.fusesource.leveldbjni/leveldbjni/jars/leveldbjni-1.7.jar
7f86bb61e000-7f86bb621000 r--s 000fa000 08:01 5507037                    /home/morpheyesh/.ivy2/cache/org.fusesource.leveldbjni/leveldbjni-all/bundles/leveldbjni-all-1.7.jar
7f86bb621000-7f86bb623000 r--s 00001000 08:01 5507039                    /home/morpheyesh/.ivy2/cache/org.iq80.leveldb/leveldb-api/jars/leveldb-api-0.5.jar
7f86bb623000-7f86bb627000 r--s 00034000 08:01 5507035                    /home/morpheyesh/.ivy2/cache/org.iq80.leveldb/leveldb/jars/leveldb-0.5.jar
7f86bb627000-7f86bb632000 r--s 000a0000 08:01 5507027                    /home/morpheyesh/.ivy2/cache/com.typesafe.akka/akka-persistence-experimental_2.10/jars/akka-persistence-experimental_2.10-2.3.2.jar
7f86bb632000-7f86bb642000 r--s 000f4000 08:01 5507025                    /home/morpheyesh/.ivy2/cache/com.typesafe.akka/akka-cluster_2.10/jars/akka-cluster_2.10-2.3.2.jar
7f86bb642000-7f86bb644000 r--s 0000a000 08:01 5507033                    /home/morpheyesh/.ivy2/cache/org.uncommons.maths/uncommons-maths/jars/uncommons-maths-1.2.2a.jar
7f86bb644000-7f86bb64c000 r--s 0007b000 08:01 5507031                    /home/morpheyesh/.ivy2/cache/com.google.protobuf/protobuf-java/bundles/protobuf-java-2.5.0.jar
7f86bb64c000-7f86bb664000 r--s 00115000 08:01 5507029                    /home/morpheyesh/.ivy2/cache/io.netty/netty/bundles/netty-3.8.0.Final.jar
7f86bb664000-7f86bb67a000 r--s 00131000 08:01 5507023                    /home/morpheyesh/.ivy2/cache/com.typesafe.akka/akka-remote_2.10/jars/akka-remote_2.10-2.3.2.jar
7f86bb67a000-7f86bb688000 r--s 000b3000 08:01 5507013                    /home/morpheyesh/.ivy2/cache/com.typesafe.akka/akka-contrib_2.10/jars/akka-contrib_2.10-2.3.2.jar
7f86bb688000-7f86bb6ad000 r--s 0024a000 08:01 5507011                    /home/morpheyesh/.ivy2/cache/com.typesafe.akka/akka-actor_2.10/jars/akka-actor_2.10-2.3.2.jar
7f86bb6ad000-7f86bb6b1000 r--s 00021000 08:01 5507005                    /home/morpheyesh/.ivy2/cache/com.typesafe/jse_2.10/jars/jse_2.10-1.0.0.jar
7f86bb6b1000-7f86bb6b5000 r--s 0001f000 08:01 5506044                    /home/morpheyesh/.ivy2/cache/scala_2.10/sbt_0.13/com.typesafe.sbt/sbt-js-engine/jars/sbt-js-engine-1.0.1.jar
7f86bb6b5000-7f86bb6b7000 r--s 00003000 08:01 6034068                    /home/morpheyesh/.ivy2/cache/org.slf4j/jcl-over-slf4j/jars/jcl-over-slf4j-1.7.7.jar
7f86bb6b7000-7f86bb6b8000 r--s 00001000 08:01 6422839                    /home/morpheyesh/.ivy2/cache/org.slf4j/slf4j-jdk14/jars/slf4j-jdk14-1.7.7.jar
7f86bb6b8000-7f86bb6b9000 r--s 00003000 08:01 5245766                    /home/morpheyesh/.ivy2/cache/org.apache.maven.wagon/wagon-ssh-external/jars/wagon-ssh-external-1.0-beta-6.jar
7f86bb6b9000-7f86bb6bb000 r--s 00006000 08:01 5507059                    /home/morpheyesh/.ivy2/cache/org.slf4j/slf4j-api/jars/slf4j-api-1.7.7.jar
7f86bb6bb000-7f86bb6bc000 r--s 00000000 08:01 5505087                    /home/morpheyesh/.ivy2/cache/org.slf4j/slf4j-nop/jars/slf4j-nop-1.7.7.jar
7f86bb6bc000-7f86bb6c1000 r--s 0002d000 08:01 5245772                    /home/morpheyesh/.ivy2/cache/org.apache.jackrabbit/jackrabbit-jcr-commons/bundles/jackrabbit-jcr-commons-1.5.0.jar
7f86bb6c1000-7f86bb6c7000 r--s 00044000 08:01 5245770                    /home/morpheyesh/.ivy2/cache/org.apache.jackrabbit/jackrabbit-webdav/jars/jackrabbit-webdav-1.5.0.jar
7f86bb6c7000-7f86bb6c9000 r--s 00003000 08:01 5245764                    /home/morpheyesh/.ivy2/cache/org.apache.maven.wagon/wagon-webdav-jackrabbit/jars/wagon-webdav-jackrabbit-1.0-beta-6.jar
7f86bb6c9000-7f86bb6cf000 r--s 00045000 08:01 5245768                    /home/morpheyesh/.ivy2/cache/commons-httpclient/commons-httpclient/jars/commons-httpclient-3.1.jar
7f86bb6cf000-7f86bb6d0000 r--s 00002000 08:01 5245762                    /home/morpheyesh/.ivy2/cache/org.apache.maven.wagon/wagon-file/jars/wagon-file-1.0-beta-6.jar
7f86bb6d0000-7f86bb70e000 r--s 0025e000 08:01 5245778                    /home/morpheyesh/.ivy2/cache/org.bouncycastle/bcprov-jdk15on/jars/bcprov-jdk15on-1.50.jar
7f86bb70e000-7f86bb715000 r--s 00039000 08:01 5245701                    /home/morpheyesh/.ivy2/cache/org.bouncycastle/bcpg-jdk15on/jars/bcpg-jdk15on-1.50.jar
7f86bb715000-7f86bb716000 r--s 00004000 08:01 5245776                    /home/morpheyesh/.ivy2/cache/org.apache.ant/ant-launcher/jars/ant-launcher-1.9.3.jar
7f86bb716000-7f86bb735000 r--s 001cc000 08:01 5245699                    /home/morpheyesh/.ivy2/cache/org.apache.ant/ant/jars/ant-1.9.3.jar
7f86bb735000-7f86bb737000 r--s 00002000 08:01 5245760                    /home/morpheyesh/.ivy2/cache/org.sonatype.plexus/plexus-cipher/jars/plexus-cipher-1.4.jar
7f86bb737000-7f86bb738000 r--s 00006000 08:01 5245739                    /home/morpheyesh/.ivy2/cache/org.sonatype.plexus/plexus-sec-dispatcher/jars/plexus-sec-dispatcher-1.3.jar
7f86bb738000-7f86bb73a000 r--s 00009000 08:01 5245816                    /home/morpheyesh/.ivy2/cache/org.codehaus.plexus/plexus-classworlds/jars/plexus-classworlds-1.2-alpha-7.jar
7f86bb73a000-7f86bb73d000 r--s 00006000 08:01 5245808                    /home/morpheyesh/.ivy2/cache/org.codehaus.plexus/plexus-component-api/jars/plexus-component-api-1.0-alpha-16.jar
7f86bb73d000-7f86bb73e000 r--s 00002000 08:01 5245758                    /home/morpheyesh/.ivy2/cache/org.codehaus.plexus/plexus-interactivity-api/jars/plexus-interactivity-api-1.0-alpha-6.jar
7f86bb73e000-7f86bb740000 r--s 00005000 08:01 5245757                    /home/morpheyesh/.ivy2/cache/org.apache.maven.wagon/wagon-ssh-common/jars/wagon-ssh-common-1.0-beta-6.jar
7f86bb740000-7f86bb741000 r--s 00006000 08:01 5245735                    /home/morpheyesh/.ivy2/cache/org.apache.maven.wagon/wagon-ssh/jars/wagon-ssh-1.0-beta-6.jar
7f86bb741000-7f86bb742000 r--s 00002000 08:01 5245733                    /home/morpheyesh/.ivy2/cache/org.apache.maven/maven-monitor/jars/maven-monitor-2.2.1.jar
7f86bb742000-7f86bb744000 r--s 00008000 08:01 5245727                    /home/morpheyesh/.ivy2/cache/org.apache.maven/maven-plugin-descriptor/jars/maven-plugin-descriptor-2.2.1.jar
7f86bb744000-7f86bb746000 r--s 00002000 08:01 5245681                    /home/morpheyesh/.ivy2/cache/org.apache.maven/maven-plugin-api/jars/maven-plugin-api-2.2.1.jar
7f86bb746000-7f86bb748000 r--s 00009000 08:01 5245725                    /home/morpheyesh/.ivy2/cache/commons-cli/commons-cli/jars/commons-cli-1.2.jar
7f86bb748000-7f86bb74a000 r--s 00006000 08:01 5245753                    /home/morpheyesh/.ivy2/cache/org.apache.maven/maven-plugin-registry/jars/maven-plugin-registry-2.2.1.jar
7f86bb74a000-7f86bb752000 r--s 00049000 08:01 5245755                    /home/morpheyesh/.ivy2/cache/backport-util-concurrent/backport-util-concurrent/jars/backport-util-concurrent-3.1.jar
7f86bb752000-7f86bb754000 r--s 0000f000 08:01 5245731                    /home/morpheyesh/.ivy2/cache/org.apache.maven/maven-artifact-manager/jars/maven-artifact-manager-2.2.1.jar
7f86bb754000-7f86bb758000 r--s 00023000 08:01 5245683                    /home/morpheyesh/.ivy2/cache/org.apache.maven/maven-project/jars/maven-project-2.2.1.jar
7f86bb758000-7f86bb75a000 r--s 00002000 08:01 5245723                    /home/morpheyesh/.ivy2/cache/org.apache.maven/maven-error-diagnostics/jars/maven-error-diagnostics-2.2.1.jar
7f86bb75a000-7f86bb75c000 r--s 00005000 08:01 5245721                    /home/morpheyesh/.ivy2/cache/org.apache.maven/maven-repository-metadata/jars/maven-repository-metadata-2.2.1.jar
7f86bb75c000-7f86bb75f000 r--s 00011000 08:01 5245689                    /home/morpheyesh/.ivy2/cache/org.apache.maven/maven-artifact/jars/maven-artifact-2.2.1.jar
7f86bb75f000-7f86bb761000 r--s 00007000 08:01 5245713                    /home/morpheyesh/.ivy2/cache/org.apache.maven/maven-profile/jars/maven-profile-2.2.1.jar
7f86bb761000-7f86bb762000 r--s 00002000 08:01 5245751                    /home/morpheyesh/.ivy2/cache/org.apache.maven.doxia/doxia-logging-api/jars/doxia-logging-api-1.1.jar
7f86bb762000-7f86bb764000 r--s 00002000 08:01 5245749                    /home/morpheyesh/.ivy2/cache/org.apache.maven.doxia/doxia-sink-api/jars/doxia-sink-api-1.1.jar
7f86bb764000-7f86bb765000 r--s 00002000 08:01 5245711                    /home/morpheyesh/.ivy2/cache/org.apache.maven.reporting/maven-reporting-api/jars/maven-reporting-api-2.2.1.jar
7f86bb765000-7f86bb766000 r--s 00002000 08:01 5245709                    /home/morpheyesh/.ivy2/cache/org.apache.maven.wagon/wagon-http/jars/wagon-http-1.0-beta-6.jar
7f86bb766000-7f86bb768000 r--s 0000b000 08:01 5245717                    /home/morpheyesh/.ivy2/cache/org.apache.maven.wagon/wagon-provider-api/jars/wagon-provider-api-1.0-beta-6.jar
7f86bb768000-7f86bb76b000 r--s 00019000 08:01 5245747                    /home/morpheyesh/.ivy2/cache/nekohtml/nekohtml/jars/nekohtml-1.9.6.2.jar
7f86bb76b000-7f86bb76d000 r--s 00008000 08:01 5245745                    /home/morpheyesh/.ivy2/cache/nekohtml/xercesMinimal/jars/xercesMinimal-1.9.6.2.jar
7f86bb76d000-7f86bb76f000 r--s 00005000 08:01 5245743                    /home/morpheyesh/.ivy2/cache/org.apache.maven.wagon/wagon-http-shared/jars/wagon-http-shared-1.0-beta-6.jar
7f86bb76f000-7f86bb770000 r--s 00003000 08:01 5245707                    /home/morpheyesh/.ivy2/cache/org.apache.maven.wagon/wagon-http-lightweight/jars/wagon-http-lightweight-1.0-beta-6.jar
7f86bb770000-7f86bb772000 r--s 00004000 08:01 5245705                    /home/morpheyesh/.ivy2/cache/org.apache.maven/maven-plugin-parameter-documenter/jars/maven-plugin-parameter-documenter-2.2.1.jar
7f86bb772000-7f86bb774000 r--s 00008000 08:01 5245737                    /home/morpheyesh/.ivy2/cache/classworlds/classworlds/jars/classworlds-1.1.jar
7f86bb774000-7f86bb777000 r--s 0001b000 08:01 3938285                    /home/morpheyesh/.ivy2/cache/junit/junit/jars/junit-3.8.1.jar
7f86bb777000-7f86bb77e000 r--s 00029000 08:01 5245719                    /home/morpheyesh/.ivy2/cache/org.codehaus.plexus/plexus-container-default/jars/plexus-container-default-1.0-alpha-9-stable-1.jar
7f86bb77e000-7f86bb780000 r--s 0000b000 08:01 5245741                    /home/morpheyesh/.ivy2/cache/org.codehaus.plexus/plexus-interpolation/jars/plexus-interpolation-1.11.jar
7f86bb780000-7f86bb784000 r--s 00034000 08:01 5245697                    /home/morpheyesh/.ivy2/cache/org.codehaus.plexus/plexus-utils/jars/plexus-utils-1.5.15.jar
7f86bb784000-7f86bb786000 r--s 00014000 08:01 5245715                    /home/morpheyesh/.ivy2/cache/org.apache.maven/maven-model/jars/maven-model-2.2.1.jar
7f86bb786000-7f86bb78a000 r--s 00028000 08:01 5245679                    /home/morpheyesh/.ivy2/cache/org.apache.maven/maven-core/jars/maven-core-2.2.1.jar
7f86bb78a000-7f86bb78e000 r--s 00015000 08:01 5505092                    /home/morpheyesh/.ivy2/cache/org.tukaani/xz/jars/xz-1.4.jar
7f86bb78e000-7f86bb795000 r--s 00050000 08:01 5505091                    /home/morpheyesh/.ivy2/cache/org.apache.commons/commons-compress/jars/commons-compress-1.7.jar
7f86bb795000-7f86bb799000 r--s 0002a000 08:01 5507109                    /home/morpheyesh/.ivy2/cache/commons-io/commons-io/jars/commons-io-2.4.jar
7f86bb799000-7f86bb7af000 r--s 000f0000 08:01 1966441                    /home/morpheyesh/.ivy2/cache/org.vafer/jdeb/jars/jdeb-1.2.jar
7f86bb7af000-7f86bb7c3000 r--s 000bc000 08:01 5505085                    /home/morpheyesh/.ivy2/cache/scala_2.10/sbt_0.13/com.typesafe.sbt/sbt-native-packager/jars/sbt-native-packager-0.7.3.jar
7f86bb7c3000-7f86bb7cb000 r--s 0004b000 08:01 5506989                    /home/morpheyesh/.ivy2/cache/scala_2.10/sbt_0.13/com.github.mpeltonen/sbt-idea/jars/sbt-idea-1.5.1.jar
7f86bb7cb000-7f86bb7d5000 r--s 0005f000 08:01 5507003                    /home/morpheyesh/.ivy2/cache/org.scalaz/scalaz-effect_2.10/bundles/scalaz-effect_2.10-7.0.2.jar
7f86bb7d5000-7f86bb882000 r--s 00786000 08:01 5507001                    /home/morpheyesh/.ivy2/cache/org.scalaz/scalaz-core_2.10/bundles/scalaz-core_2.10-7.0.2.jar
7f86bb882000-7f86bb889000 r--s 0003b000 08:01 5506999                    /home/morpheyesh/.ivy2/cache/scala_2.10/sbt_0.13/com.typesafe.sbteclipse/sbteclipse-core/jars/sbteclipse-core-2.4.0.jar
7f86bb889000-7f86bb8b4000 r--s 001f5000 08:01 5506977                    /home/morpheyesh/.ivy2/cache/com.google.guava/guava/bundles/guava-16.0.1.jar
7f86bb8b4000-7f86bb8cc000 r-xp 00000000 08:01 3153167                    /lib/x86_64-linux-gnu/libresolv-2.15.so
7f86bb8cc000-7f86bbacc000 ---p 00018000 08:01 3153167                    /lib/x86_64-linux-gnu/libresolv-2.15.so
7f86bbacc000-7f86bbacd000 r--p 00018000 08:01 3153167                    /lib/x86_64-linux-gnu/libresolv-2.15.so
7f86bbacd000-7f86bbace000 rw-p 00019000 08:01 3153167                    /lib/x86_64-linux-gnu/libresolv-2.15.so
7f86bbace000-7f86c0000000 rw-p 00000000 00:00 0 
7f86c0000000-7f86c002d000 rw-p 00000000 00:00 0 
7f86c002d000-7f86c4000000 ---p 00000000 00:00 0 
7f86c4000000-7f86c4061000 rw-p 00000000 00:00 0 
7f86c4061000-7f86c8000000 ---p 00000000 00:00 0 
7f86c8000000-7f86c80a2000 rw-p 00000000 00:00 0 
7f86c80a2000-7f86cc000000 ---p 00000000 00:00 0 
7f86cc000000-7f86cc001000 r--s 0000b000 08:01 5245703                    /home/morpheyesh/.ivy2/cache/org.apache.maven/maven-settings/jars/maven-settings-2.2.1.jar
7f86cc001000-7f86cc003000 r--s 00001000 08:01 5506987                    /home/morpheyesh/.ivy2/cache/scala_2.10/sbt_0.13/com.typesafe.sbteclipse/sbteclipse-plugin/jars/sbteclipse-plugin-2.4.0.jar
7f86cc003000-7f86cc00b000 r--s 00041000 08:01 5506997                    /home/morpheyesh/.ivy2/cache/com.typesafe.play/twirl-parser_2.10/jars/twirl-parser_2.10-1.0.2.jar
7f86cc00b000-7f86cc00d000 r--s 0000d000 08:01 5506995                    /home/morpheyesh/.ivy2/cache/com.typesafe.play/twirl-api_2.10/jars/twirl-api_2.10-1.0.2.jar
7f86cc00d000-7f86cc010000 r--s 00017000 08:01 5506993                    /home/morpheyesh/.ivy2/cache/com.typesafe.play/twirl-compiler_2.10/jars/twirl-compiler_2.10-1.0.2.jar
7f86cc010000-7f86cc013000 r--s 00010000 08:01 5506042                    /home/morpheyesh/.ivy2/cache/scala_2.10/sbt_0.13/com.typesafe.sbt/sbt-twirl/jars/sbt-twirl-1.0.2.jar
7f86cc013000-7f86cc016000 r--s 0009f000 08:01 5506985                    /home/morpheyesh/.ivy2/cache/net.contentobjects.jnotify/jnotify/jars/jnotify-0.94.jar
7f86cc016000-7f86cc023000 r--s 00183000 08:01 5506981                    /home/morpheyesh/.ivy2/cache/com.h2database/h2/jars/h2-1.3.175.jar
7f86cc023000-7f86cc026000 r--s 0002a000 08:01 5506979                    /home/morpheyesh/.ivy2/cache/org.avaje.ebeanorm/avaje-ebeanorm-agent/jars/avaje-ebeanorm-agent-3.2.2.jar
7f86cc026000-7f86cc028000 r--s 0000a000 08:01 5506991                    /home/morpheyesh/.ivy2/cache/org.json/json/jars/json-20090211.jar
7f86cc028000-7f86cc05b000 r--s 00332000 08:01 5506975                    /home/morpheyesh/.ivy2/cache/com.google.javascript/closure-compiler/jars/closure-compiler-v20130603.jar
7f86cc05b000-7f86cc068000 r--s 00109000 08:01 5506973                    /home/morpheyesh/.ivy2/cache/org.mozilla/rhino/jars/rhino-1.7R4.jar
7f86cc068000-7f86cc06c000 r--s 00032000 08:01 5506971                    /home/morpheyesh/.ivy2/cache/com.typesafe/config/bundles/config-1.2.1.jar
7f86cc06c000-7f86cc079000 r--s 00064000 08:01 5505090                    /home/morpheyesh/.ivy2/cache/com.typesafe.play/routes-compiler_2.10/jars/routes-compiler_2.10-2.3.2.jar
7f86cc079000-7f86cc083000 r--s 000a5000 08:01 5506983                    /home/morpheyesh/.ivy2/cache/org.javassist/javassist/bundles/javassist-3.18.2-GA.jar
7f86cc083000-7f86cc086000 ---p 00000000 00:00 0 
7f86cc086000-7f86cc184000 rw-p 00000000 00:00 0 
7f86cc184000-7f86cc18b000 r-xp 00000000 08:01 3153173                    /lib/x86_64-linux-gnu/libnss_dns-2.15.so
7f86cc18b000-7f86cc38a000 ---p 00007000 08:01 3153173                    /lib/x86_64-linux-gnu/libnss_dns-2.15.so
7f86cc38a000-7f86cc38b000 r--p 00006000 08:01 3153173                    /lib/x86_64-linux-gnu/libnss_dns-2.15.so
7f86cc38b000-7f86cc38c000 rw-p 00007000 08:01 3153173                    /lib/x86_64-linux-gnu/libnss_dns-2.15.so
7f86cc38c000-7f86cc38e000 r-xp 00000000 08:01 3145781                    /lib/libnss_mdns4_minimal.so.2
7f86cc38e000-7f86cc58d000 ---p 00002000 08:01 3145781                    /lib/libnss_mdns4_minimal.so.2
7f86cc58d000-7f86cc58e000 r--p 00001000 08:01 3145781                    /lib/libnss_mdns4_minimal.so.2
7f86cc58e000-7f86cc58f000 rw-p 00002000 08:01 3145781                    /lib/libnss_mdns4_minimal.so.2
7f86cc58f000-7f86cc592000 ---p 00000000 00:00 0 
7f86cc592000-7f86cc690000 rw-p 00000000 00:00 0                          [stack:9191]
7f86cc690000-7f86cc693000 ---p 00000000 00:00 0 
7f86cc693000-7f86cc791000 rw-p 00000000 00:00 0                          [stack:9064]
7f86cc791000-7f86cc794000 ---p 00000000 00:00 0 
7f86cc794000-7f86cc892000 rw-p 00000000 00:00 0                          [stack:9061]
7f86cc892000-7f86cc895000 ---p 00000000 00:00 0 
7f86cc895000-7f86cc993000 rw-p 00000000 00:00 0                          [stack:9062]
7f86cc993000-7f86cc996000 ---p 00000000 00:00 0 
7f86cc996000-7f86cca94000 rw-p 00000000 00:00 0 
7f86cca94000-7f86cca96000 r--s 00000000 08:01 5505089                    /home/morpheyesh/.ivy2/cache/com.typesafe.play/play-exceptions/jars/play-exceptions-2.3.2.jar
7f86cca96000-7f86ccaa6000 r--s 000e3000 08:01 5505084                    /home/morpheyesh/.ivy2/cache/scala_2.10/sbt_0.13/com.typesafe.play/sbt-plugin/jars/sbt-plugin-2.3.2.jar
7f86ccaa6000-7f86ccaa9000 r--s 00077000 08:01 17181254                   /usr/lib/jvm/java-6-openjdk-common/jre/lib/ext/localedata.jar
7f86ccaa9000-7f86ccaac000 r--s 00031000 08:01 17181255                   /usr/lib/jvm/java-6-openjdk-common/jre/lib/ext/sunjce_provider.jar
7f86ccaac000-7f86ccaae000 r--s 0000f000 08:01 17181253                   /usr/lib/jvm/java-6-openjdk-common/jre/lib/ext/pulse-java.jar
7f86ccaae000-7f86ccab0000 r--s 00001000 08:01 17181252                   /usr/lib/jvm/java-6-openjdk-common/jre/lib/ext/dnsns.jar
7f86ccab0000-7f86ccab4000 r--s 00039000 08:01 17181256                   /usr/lib/jvm/java-6-openjdk-common/jre/lib/ext/sunpkcs11.jar
7f86ccab4000-7f86ccab5000 r--s 00007000 08:01 17309437                   /usr/share/java/java-atk-wrapper.jar
7f86ccab5000-7f86ccab6000 r--s 00002000 08:01 5505088                    /home/morpheyesh/.ivy2/cache/com.typesafe.play/build-link/jars/build-link-2.3.2.jar
7f86ccab6000-7f86ccac3000 r--s 00107000 08:01 17181261                   /usr/lib/jvm/java-6-openjdk-common/jre/lib/rhino.jar
7f86ccac3000-7f86ccad1000 r--s 00351000 08:01 17181260                   /usr/lib/jvm/java-6-openjdk-common/jre/lib/charsets.jar
7f86ccad1000-7f86ccad3000 r--s 00013000 08:01 17181262                   /usr/lib/jvm/java-6-openjdk-common/jre/lib/jce.jar
7f86ccad3000-7f86ccad7000 r--s 0003c000 08:01 17181247                   /usr/lib/jvm/java-6-openjdk-common/jre/lib/jsse.jar
7f86ccad7000-7f86ccade000 r--s 00054000 08:01 17181272                   /usr/lib/jvm/java-6-openjdk-common/jre/lib/resources.jar
7f86ccade000-7f86ccae3000 r--s 00036000 08:01 1970240                    /home/morpheyesh/.sbt/boot/scala-2.10.4/org.scala-sbt/sbt/0.13.5/compiler-interface-bin_2.10.4/compiler-interface-bin-0.13.5.jar
7f86ccae3000-7f86ccae5000 r--s 0000b000 08:01 1839398                    /home/morpheyesh/.sbt/boot/scala-2.10.4/org.scala-sbt/sbt/0.13.5/xsbti/interface-0.13.5.jar
7f86ccae5000-7f86ccae9000 r--s 00024000 08:01 1708289                    /home/morpheyesh/.sbt/boot/scala-2.10.4/org.scala-sbt/sbt/0.13.5/persist-0.13.5.jar
7f86ccae9000-7f86ccaea000 r--s 00005000 08:01 1708299                    /home/morpheyesh/.sbt/boot/scala-2.10.4/org.scala-sbt/sbt/0.13.5/test-agent-0.13.5.jar
7f86ccaea000-7f86ccaed000 r--s 00018000 08:01 1708279                    /home/morpheyesh/.sbt/boot/scala-2.10.4/org.scala-sbt/sbt/0.13.5/logging-0.13.5.jar
7f86ccaed000-7f86ccaf0000 r--s 0001d000 08:01 1708266                    /home/morpheyesh/.sbt/boot/scala-2.10.4/org.scala-sbt/sbt/0.13.5/tasks-0.13.5.jar
7f86ccaf0000-7f86ccaf2000 r--s 00001000 08:01 1708276                    /home/morpheyesh/.sbt/boot/scala-2.10.4/org.scala-sbt/sbt/0.13.5/compiler-ivy-integration-0.13.5.jar
7f86ccaf2000-7f86ccaf5000 r--s 00013000 08:01 1708281                    /home/morpheyesh/.sbt/boot/scala-2.10.4/org.scala-sbt/sbt/0.13.5/classpath-0.13.5.jar
7f86ccaf5000-7f86ccafd000 r--s 0005c000 08:01 1708286                    /home/morpheyesh/.sbt/boot/scala-2.10.4/org.scala-sbt/sbt/0.13.5/collections-0.13.5.jar
7f86ccafd000-7f86ccb33000 r--s 002d9000 08:01 1708273                    /home/morpheyesh/.sbt/boot/scala-2.10.4/org.scala-sbt/sbt/0.13.5/scala-reflect-2.10.4.jar
7f86ccb33000-7f86ccb35000 r--s 00001000 08:01 1708285                    /home/morpheyesh/.sbt/boot/scala-2.10.4/org.scala-sbt/sbt/0.13.5/cross-0.13.5.jar
7f86ccb35000-7f86ccb3c000 r--s 00049000 08:01 1708287                    /home/morpheyesh/.sbt/boot/scala-2.10.4/org.scala-sbt/sbt/0.13.5/api-0.13.5.jar
7f86ccb3c000-7f86ccb41000 r--s 00036000 08:01 1708294                    /home/morpheyesh/.sbt/boot/scala-2.10.4/org.scala-sbt/sbt/0.13.5/command-0.13.5.jar
7f86ccb41000-7f86ccb44000 r--s 0001d000 08:01 1708291                    /home/morpheyesh/.sbt/boot/scala-2.10.4/org.scala-sbt/sbt/0.13.5/task-system-0.13.5.jar
7f86ccb44000-7f86ccb47000 r--s 0001e000 08:01 1708269                    /home/morpheyesh/.sbt/boot/scala-2.10.4/org.scala-sbt/sbt/0.13.5/run-0.13.5.jar
7f86ccb47000-7f86ccb6e000 r--s 00200000 08:01 1708264                    /home/morpheyesh/.sbt/boot/scala-2.10.4/org.scala-sbt/sbt/0.13.5/main-0.13.5.jar
7f86ccb6e000-7f86ccb79000 r--s 000a3000 08:01 1708293                    /home/morpheyesh/.sbt/boot/scala-2.10.4/org.scala-sbt/sbt/0.13.5/ivy-0.13.5.jar
7f86ccb79000-7f86ccb7d000 r--s 0001b000 08:01 1708290                    /home/morpheyesh/.sbt/boot/scala-2.10.4/org.scala-sbt/sbt/0.13.5/process-0.13.5.jar
7f86ccb7d000-7f86ccb80000 r--s 00030000 08:01 1708271                    /home/morpheyesh/.sbt/boot/scala-2.10.4/org.scala-sbt/sbt/0.13.5/jline-2.11.jar
7f86ccb80000-7f86ccb82000 r--s 00014000 08:01 1708288                    /home/morpheyesh/.sbt/boot/scala-2.10.4/org.scala-sbt/sbt/0.13.5/apply-macro-0.13.5.jar
7f86ccb82000-7f86ccb85000 r--s 00017000 08:01 1708278                    /home/morpheyesh/.sbt/boot/scala-2.10.4/org.scala-sbt/sbt/0.13.5/testing-0.13.5.jar
7f86ccb85000-7f86ccb87000 r--s 00002000 08:01 1708267                    /home/morpheyesh/.sbt/boot/scala-2.10.4/org.scala-sbt/sbt/0.13.5/control-0.13.5.jar
7f86ccb87000-7f86ccb8d000 r--s 0003d000 08:01 1708298                    /home/morpheyesh/.sbt/boot/scala-2.10.4/org.scala-sbt/sbt/0.13.5/io-0.13.5.jar
7f86ccb8d000-7f86ccb91000 r--s 00022000 08:01 1708284                    /home/morpheyesh/.sbt/boot/scala-2.10.4/org.scala-sbt/sbt/0.13.5/sbinary_2.10-0.4.2.jar
7f86ccb91000-7f86ccb93000 r--s 00006000 08:01 1708277                    /home/morpheyesh/.sbt/boot/scala-2.10.4/org.scala-sbt/sbt/0.13.5/relation-0.13.5.jar
7f86ccb93000-7f86ccb96000 r--s 0000e000 08:01 1708282                    /home/morpheyesh/.sbt/boot/scala-2.10.4/org.scala-sbt/sbt/0.13.5/compiler-integration-0.13.5.jar
7f86ccb96000-7f86ccb99000 r--s 00012000 08:01 1708283                    /home/morpheyesh/.sbt/boot/scala-2.10.4/org.scala-sbt/sbt/0.13.5/classfile-0.13.5.jar
7f86ccb99000-7f86ccba2000 r--s 00064000 08:01 1708292                    /home/morpheyesh/.sbt/boot/scala-2.10.4/org.scala-sbt/sbt/0.13.5/actions-0.13.5.jar
7f86ccba2000-7f86ccbaa000 r--s 00057000 08:01 1708301                    /home/morpheyesh/.sbt/boot/scala-2.10.4/org.scala-sbt/sbt/0.13.5/completion-0.13.5.jar
7f86ccbaa000-7f86ccbb2000 r--s 0005e000 08:01 1708296                    /home/morpheyesh/.sbt/boot/scala-2.10.4/org.scala-sbt/sbt/0.13.5/incremental-compiler-0.13.5.jar
7f86ccbb2000-7f86ccbb6000 r--s 00034000 08:01 1708272                    /home/morpheyesh/.sbt/boot/scala-2.10.4/org.scala-sbt/sbt/0.13.5/jsch-0.1.46.jar
7f86ccbb6000-7f86ccbb8000 r--s 0000e000 08:01 1708297                    /home/morpheyesh/.sbt/boot/scala-2.10.4/org.scala-sbt/sbt/0.13.5/logic-0.13.5.jar
7f86ccbb8000-7f86ccbee000 r--s 002d9000 08:01 1577083                    /home/morpheyesh/.sbt/boot/scala-2.10.4/lib/scala-reflect.jar
7f86ccbee000-7f86ccbf0000 r--s 00001000 08:01 1708268                    /home/morpheyesh/.sbt/boot/scala-2.10.4/org.scala-sbt/sbt/0.13.5/launcher-interface-0.13.5.jar
7f86ccbf0000-7f86ccbf2000 r--s 00002000 08:01 1708270                    /home/morpheyesh/.sbt/boot/scala-2.10.4/org.scala-sbt/sbt/0.13.5/test-interface-1.0.jar
7f86ccbf2000-7f86ccbfc000 r--s 00090000 08:01 1708275                    /home/morpheyesh/.sbt/boot/scala-2.10.4/org.scala-sbt/sbt/0.13.5/main-settings-0.13.5.jar
7f86ccbfc000-7f86ccc11000 r--s 00116000 08:01 1708295                    /home/morpheyesh/.sbt/boot/scala-2.10.4/org.scala-sbt/sbt/0.13.5/ivy-2.3.0.jar
7f86ccc11000-7f86ccd0e000 r--s 00cca000 08:01 1577081                    /home/morpheyesh/.sbt/boot/scala-2.10.4/lib/scala-compiler.jar
7f86ccd0e000-7f86ccd80000 r--s 0065a000 08:01 1577085                    /home/morpheyesh/.sbt/boot/scala-2.10.4/lib/scala-library.jar
7f86ccd80000-7f86ccd88000 r-xp 00000000 08:01 17181331                   /usr/lib/jvm/java-6-openjdk-amd64/jre/lib/amd64/libnio.so
7f86ccd88000-7f86ccf87000 ---p 00008000 08:01 17181331                   /usr/lib/jvm/java-6-openjdk-amd64/jre/lib/amd64/libnio.so
7f86ccf87000-7f86ccf88000 r--p 00007000 08:01 17181331                   /usr/lib/jvm/java-6-openjdk-amd64/jre/lib/amd64/libnio.so
7f86ccf88000-7f86ccf89000 rw-p 00008000 08:01 17181331                   /usr/lib/jvm/java-6-openjdk-amd64/jre/lib/amd64/libnio.so
7f86ccf89000-7f86ccfba000 rw-p 00000000 00:00 0 
7f86ccfba000-7f86ccfd0000 r-xp 00000000 08:01 17181311                   /usr/lib/jvm/java-6-openjdk-amd64/jre/lib/amd64/libnet.so
7f86ccfd0000-7f86cd1cf000 ---p 00016000 08:01 17181311                   /usr/lib/jvm/java-6-openjdk-amd64/jre/lib/amd64/libnet.so
7f86cd1cf000-7f86cd1d0000 r--p 00015000 08:01 17181311                   /usr/lib/jvm/java-6-openjdk-amd64/jre/lib/amd64/libnet.so
7f86cd1d0000-7f86cd1d1000 rw-p 00016000 08:01 17181311                   /usr/lib/jvm/java-6-openjdk-amd64/jre/lib/amd64/libnet.so
7f86cd1d1000-7f86cd1d2000 ---p 00000000 00:00 0 
7f86cd1d2000-7f86cd2d2000 rw-p 00000000 00:00 0                          [stack:8795]
7f86cd2d2000-7f86cd2d5000 ---p 00000000 00:00 0 
7f86cd2d5000-7f86cd3d3000 rw-p 00000000 00:00 0                          [stack:8794]
7f86cd3d3000-7f86cd3d6000 ---p 00000000 00:00 0 
7f86cd3d6000-7f86cd4d4000 rw-p 00000000 00:00 0                          [stack:8793]
7f86cd4d4000-7f86cd4d7000 ---p 00000000 00:00 0 
7f86cd4d7000-7f86cd5d5000 rw-p 00000000 00:00 0                          [stack:8792]
7f86cd5d5000-7f86cd5d8000 ---p 00000000 00:00 0 
7f86cd5d8000-7f86cd6d6000 rw-p 00000000 00:00 0                          [stack:8791]
7f86cd6d6000-7f86cddba000 r--p 00000000 08:01 17045819                   /usr/lib/locale/locale-archive
7f86cddba000-7f86cddbd000 ---p 00000000 00:00 0 
7f86cddbd000-7f86cdebb000 rw-p 00000000 00:00 0                          [stack:8789]
7f86cdebb000-7f86cdebe000 ---p 00000000 00:00 0 
7f86cdebe000-7f86cdfbc000 rw-p 00000000 00:00 0                          [stack:8788]
7f86cdfbc000-7f86cdfbd000 ---p 00000000 00:00 0 
7f86cdfbd000-7f86cea5c000 rw-p 00000000 00:00 0                          [stack:8787]
7f86cea5c000-7f86cebf2000 r--s 01a15000 08:01 17181339                   /usr/lib/jvm/java-6-openjdk-amd64/jre/lib/rt.jar
7f86cebf2000-7f86cfd66000 rw-p 00000000 00:00 0 
7f86cfd66000-7f86cfd67000 ---p 00000000 00:00 0 
7f86cfd67000-7f86cfe67000 rw-p 00000000 00:00 0                          [stack:8786]
7f86cfe67000-7f86cfe68000 ---p 00000000 00:00 0 
7f86cfe68000-7f86d018e000 rw-p 00000000 00:00 0                          [stack:8785]
7f86d018e000-7f86d01bb000 rw-p 00000000 00:00 0 
7f86d01bb000-7f86d05bc000 rw-p 00000000 00:00 0 
7f86d05bc000-7f86d121c000 rwxp 00000000 00:00 0 
7f86d121c000-7f86d35bc000 rw-p 00000000 00:00 0 
7f86d35bc000-7f86d35c3000 r-xp 00000000 08:01 17181324                   /usr/lib/jvm/java-6-openjdk-amd64/jre/lib/amd64/libzip.so
7f86d35c3000-7f86d37c2000 ---p 00007000 08:01 17181324                   /usr/lib/jvm/java-6-openjdk-amd64/jre/lib/amd64/libzip.so
7f86d37c2000-7f86d37c3000 r--p 00006000 08:01 17181324                   /usr/lib/jvm/java-6-openjdk-amd64/jre/lib/amd64/libzip.so
7f86d37c3000-7f86d37c4000 rw-p 00007000 08:01 17181324                   /usr/lib/jvm/java-6-openjdk-amd64/jre/lib/amd64/libzip.so
7f86d37c4000-7f86d37d0000 r-xp 00000000 08:01 3153157                    /lib/x86_64-linux-gnu/libnss_files-2.15.so
7f86d37d0000-7f86d39cf000 ---p 0000c000 08:01 3153157                    /lib/x86_64-linux-gnu/libnss_files-2.15.so
7f86d39cf000-7f86d39d0000 r--p 0000b000 08:01 3153157                    /lib/x86_64-linux-gnu/libnss_files-2.15.so
7f86d39d0000-7f86d39d1000 rw-p 0000c000 08:01 3153157                    /lib/x86_64-linux-gnu/libnss_files-2.15.so
7f86d39d1000-7f86d39db000 r-xp 00000000 08:01 3153172                    /lib/x86_64-linux-gnu/libnss_nis-2.15.so
7f86d39db000-7f86d3bdb000 ---p 0000a000 08:01 3153172                    /lib/x86_64-linux-gnu/libnss_nis-2.15.so
7f86d3bdb000-7f86d3bdc000 r--p 0000a000 08:01 3153172                    /lib/x86_64-linux-gnu/libnss_nis-2.15.so
7f86d3bdc000-7f86d3bdd000 rw-p 0000b000 08:01 3153172                    /lib/x86_64-linux-gnu/libnss_nis-2.15.so
7f86d3bdd000-7f86d3bf4000 r-xp 00000000 08:01 3153174                    /lib/x86_64-linux-gnu/libnsl-2.15.so
7f86d3bf4000-7f86d3df3000 ---p 00017000 08:01 3153174                    /lib/x86_64-linux-gnu/libnsl-2.15.so
7f86d3df3000-7f86d3df4000 r--p 00016000 08:01 3153174                    /lib/x86_64-linux-gnu/libnsl-2.15.so
7f86d3df4000-7f86d3df5000 rw-p 00017000 08:01 3153174                    /lib/x86_64-linux-gnu/libnsl-2.15.so
7f86d3df5000-7f86d3df7000 rw-p 00000000 00:00 0 
7f86d3df7000-7f86d3dff000 r-xp 00000000 08:01 3153175                    /lib/x86_64-linux-gnu/libnss_compat-2.15.so
7f86d3dff000-7f86d3ffe000 ---p 00008000 08:01 3153175                    /lib/x86_64-linux-gnu/libnss_compat-2.15.so
7f86d3ffe000-7f86d3fff000 r--p 00007000 08:01 3153175                    /lib/x86_64-linux-gnu/libnss_compat-2.15.so
7f86d3fff000-7f86d4000000 rw-p 00008000 08:01 3153175                    /lib/x86_64-linux-gnu/libnss_compat-2.15.so
7f86d4000000-7f86d58a9000 rw-p 00000000 00:00 0 
7f86d58a9000-7f86d8000000 ---p 00000000 00:00 0 
7f86d8000000-7f86d8001000 r--s 00005000 08:01 1708300                    /home/morpheyesh/.sbt/boot/scala-2.10.4/org.scala-sbt/sbt/0.13.5/sbt-0.13.5.jar
7f86d8001000-7f86d8004000 r--s 0001a000 08:01 1708274                    /home/morpheyesh/.sbt/boot/scala-2.10.4/org.scala-sbt/sbt/0.13.5/cache-0.13.5.jar
7f86d8004000-7f86d8007000 r--s 00019000 08:01 1708280                    /home/morpheyesh/.sbt/boot/scala-2.10.4/org.scala-sbt/sbt/0.13.5/compile-0.13.5.jar
7f86d8007000-7f86d800b000 r--s 00025000 08:01 1577084                    /home/morpheyesh/.sbt/boot/scala-2.10.4/lib/jline.jar
7f86d800b000-7f86d800e000 r--s 00018000 08:01 1577082                    /home/morpheyesh/.sbt/boot/scala-2.10.4/lib/jansi.jar
7f86d800e000-7f86d8015000 r--s 00054000 08:01 17181272                   /usr/lib/jvm/java-6-openjdk-common/jre/lib/resources.jar
7f86d8015000-7f86d803b000 rw-p 00000000 00:00 0 
7f86d803b000-7f86d8068000 rw-p 00000000 00:00 0 
7f86d8068000-7f86d8095000 r-xp 00000000 08:01 17181301                   /usr/lib/jvm/java-6-openjdk-amd64/jre/lib/amd64/libjava.so
7f86d8095000-7f86d8294000 ---p 0002d000 08:01 17181301                   /usr/lib/jvm/java-6-openjdk-amd64/jre/lib/amd64/libjava.so
7f86d8294000-7f86d8295000 r--p 0002c000 08:01 17181301                   /usr/lib/jvm/java-6-openjdk-amd64/jre/lib/amd64/libjava.so
7f86d8295000-7f86d8298000 rw-p 0002d000 08:01 17181301                   /usr/lib/jvm/java-6-openjdk-amd64/jre/lib/amd64/libjava.so
7f86d8298000-7f86d82a6000 r-xp 00000000 08:01 17181319                   /usr/lib/jvm/java-6-openjdk-amd64/jre/lib/amd64/libverify.so
7f86d82a6000-7f86d84a5000 ---p 0000e000 08:01 17181319                   /usr/lib/jvm/java-6-openjdk-amd64/jre/lib/amd64/libverify.so
7f86d84a5000-7f86d84a7000 r--p 0000d000 08:01 17181319                   /usr/lib/jvm/java-6-openjdk-amd64/jre/lib/amd64/libverify.so
7f86d84a7000-7f86d84a8000 rw-p 0000f000 08:01 17181319                   /usr/lib/jvm/java-6-openjdk-amd64/jre/lib/amd64/libverify.so
7f86d84a8000-7f86d84af000 r-xp 00000000 08:01 3153170                    /lib/x86_64-linux-gnu/librt-2.15.so
7f86d84af000-7f86d86ae000 ---p 00007000 08:01 3153170                    /lib/x86_64-linux-gnu/librt-2.15.so
7f86d86ae000-7f86d86af000 r--p 00006000 08:01 3153170                    /lib/x86_64-linux-gnu/librt-2.15.so
7f86d86af000-7f86d86b0000 rw-p 00007000 08:01 3153170                    /lib/x86_64-linux-gnu/librt-2.15.so
7f86d86b0000-7f86d86c5000 r-xp 00000000 08:01 3149671                    /lib/x86_64-linux-gnu/libgcc_s.so.1
7f86d86c5000-7f86d88c4000 ---p 00015000 08:01 3149671                    /lib/x86_64-linux-gnu/libgcc_s.so.1
7f86d88c4000-7f86d88c5000 r--p 00014000 08:01 3149671                    /lib/x86_64-linux-gnu/libgcc_s.so.1
7f86d88c5000-7f86d88c6000 rw-p 00015000 08:01 3149671                    /lib/x86_64-linux-gnu/libgcc_s.so.1
7f86d88c6000-7f86d89c1000 r-xp 00000000 08:01 3153176                    /lib/x86_64-linux-gnu/libm-2.15.so
7f86d89c1000-7f86d8bc0000 ---p 000fb000 08:01 3153176                    /lib/x86_64-linux-gnu/libm-2.15.so
7f86d8bc0000-7f86d8bc1000 r--p 000fa000 08:01 3153176                    /lib/x86_64-linux-gnu/libm-2.15.so
7f86d8bc1000-7f86d8bc2000 rw-p 000fb000 08:01 3153176                    /lib/x86_64-linux-gnu/libm-2.15.so
7f86d8bc2000-7f86d8ca4000 r-xp 00000000 08:01 17047010                   /usr/lib/x86_64-linux-gnu/libstdc++.so.6.0.16
7f86d8ca4000-7f86d8ea3000 ---p 000e2000 08:01 17047010                   /usr/lib/x86_64-linux-gnu/libstdc++.so.6.0.16
7f86d8ea3000-7f86d8eab000 r--p 000e1000 08:01 17047010                   /usr/lib/x86_64-linux-gnu/libstdc++.so.6.0.16
7f86d8eab000-7f86d8ead000 rw-p 000e9000 08:01 17047010                   /usr/lib/x86_64-linux-gnu/libstdc++.so.6.0.16
7f86d8ead000-7f86d8ec2000 rw-p 00000000 00:00 0 
7f86d8ec2000-7f86d9898000 r-xp 00000000 08:01 17181306                   /usr/lib/jvm/java-6-openjdk-amd64/jre/lib/amd64/server/libjvm.so
7f86d9898000-7f86d9a97000 ---p 009d6000 08:01 17181306                   /usr/lib/jvm/java-6-openjdk-amd64/jre/lib/amd64/server/libjvm.so
7f86d9a97000-7f86d9b16000 r--p 009d5000 08:01 17181306                   /usr/lib/jvm/java-6-openjdk-amd64/jre/lib/amd64/server/libjvm.so
7f86d9b16000-7f86d9b39000 rw-p 00a54000 08:01 17181306                   /usr/lib/jvm/java-6-openjdk-amd64/jre/lib/amd64/server/libjvm.so
7f86d9b39000-7f86d9b63000 rw-p 00000000 00:00 0 
7f86d9b63000-7f86d9b79000 r-xp 00000000 08:01 3149761                    /lib/x86_64-linux-gnu/libz.so.1.2.3.4
7f86d9b79000-7f86d9d78000 ---p 00016000 08:01 3149761                    /lib/x86_64-linux-gnu/libz.so.1.2.3.4
7f86d9d78000-7f86d9d79000 r--p 00015000 08:01 3149761                    /lib/x86_64-linux-gnu/libz.so.1.2.3.4
7f86d9d79000-7f86d9d7a000 rw-p 00016000 08:01 3149761                    /lib/x86_64-linux-gnu/libz.so.1.2.3.4
7f86d9d7a000-7f86d9f2f000 r-xp 00000000 08:01 3153171                    /lib/x86_64-linux-gnu/libc-2.15.so
7f86d9f2f000-7f86da12f000 ---p 001b5000 08:01 3153171                    /lib/x86_64-linux-gnu/libc-2.15.so
7f86da12f000-7f86da133000 r--p 001b5000 08:01 3153171                    /lib/x86_64-linux-gnu/libc-2.15.so
7f86da133000-7f86da135000 rw-p 001b9000 08:01 3153171                    /lib/x86_64-linux-gnu/libc-2.15.so
7f86da135000-7f86da13a000 rw-p 00000000 00:00 0 
7f86da13a000-7f86da13c000 r-xp 00000000 08:01 3153169                    /lib/x86_64-linux-gnu/libdl-2.15.so
7f86da13c000-7f86da33c000 ---p 00002000 08:01 3153169                    /lib/x86_64-linux-gnu/libdl-2.15.so
7f86da33c000-7f86da33d000 r--p 00002000 08:01 3153169                    /lib/x86_64-linux-gnu/libdl-2.15.so
7f86da33d000-7f86da33e000 rw-p 00003000 08:01 3153169                    /lib/x86_64-linux-gnu/libdl-2.15.so
7f86da33e000-7f86da342000 r-xp 00000000 08:01 17181310                   /usr/lib/jvm/java-6-openjdk-amd64/jre/lib/amd64/jli/libjli.so
7f86da342000-7f86da541000 ---p 00004000 08:01 17181310                   /usr/lib/jvm/java-6-openjdk-amd64/jre/lib/amd64/jli/libjli.so
7f86da541000-7f86da542000 r--p 00003000 08:01 17181310                   /usr/lib/jvm/java-6-openjdk-amd64/jre/lib/amd64/jli/libjli.so
7f86da542000-7f86da543000 rw-p 00004000 08:01 17181310                   /usr/lib/jvm/java-6-openjdk-amd64/jre/lib/amd64/jli/libjli.so
7f86da543000-7f86da55b000 r-xp 00000000 08:01 3153162                    /lib/x86_64-linux-gnu/libpthread-2.15.so
7f86da55b000-7f86da75a000 ---p 00018000 08:01 3153162                    /lib/x86_64-linux-gnu/libpthread-2.15.so
7f86da75a000-7f86da75b000 r--p 00017000 08:01 3153162                    /lib/x86_64-linux-gnu/libpthread-2.15.so
7f86da75b000-7f86da75c000 rw-p 00018000 08:01 3153162                    /lib/x86_64-linux-gnu/libpthread-2.15.so
7f86da75c000-7f86da760000 rw-p 00000000 00:00 0 
7f86da760000-7f86da782000 r-xp 00000000 08:01 3153163                    /lib/x86_64-linux-gnu/ld-2.15.so
7f86da782000-7f86da786000 r--s 0003c000 08:01 17181247                   /usr/lib/jvm/java-6-openjdk-common/jre/lib/jsse.jar
7f86da786000-7f86da788000 r--s 0000f000 08:01 17181253                   /usr/lib/jvm/java-6-openjdk-common/jre/lib/ext/pulse-java.jar
7f86da788000-7f86da7a2000 r--s 00107000 08:01 1442550                    /home/morpheyesh/bin/sbt-launch.jar
7f86da7a2000-7f86da7d4000 rw-p 00000000 00:00 0 
7f86da7d4000-7f86da862000 rw-p 00000000 00:00 0 
7f86da862000-7f86da865000 ---p 00000000 00:00 0 
7f86da865000-7f86da968000 rw-p 00000000 00:00 0                          [stack:8784]
7f86da968000-7f86da969000 r--s 0000a000 08:01 1708265                    /home/morpheyesh/.sbt/boot/scala-2.10.4/org.scala-sbt/sbt/0.13.5/tracking-0.13.5.jar
7f86da969000-7f86da96c000 r--s 00077000 08:01 17181254                   /usr/lib/jvm/java-6-openjdk-common/jre/lib/ext/localedata.jar
7f86da96c000-7f86da96f000 r--s 00031000 08:01 17181255                   /usr/lib/jvm/java-6-openjdk-common/jre/lib/ext/sunjce_provider.jar
7f86da96f000-7f86da970000 r--s 00007000 08:01 17309437                   /usr/share/java/java-atk-wrapper.jar
7f86da970000-7f86da972000 r--s 00001000 08:01 17181252                   /usr/lib/jvm/java-6-openjdk-common/jre/lib/ext/dnsns.jar
7f86da972000-7f86da976000 r--s 00039000 08:01 17181256                   /usr/lib/jvm/java-6-openjdk-common/jre/lib/ext/sunpkcs11.jar
7f86da976000-7f86da97e000 rw-s 00000000 08:01 17832836                   /tmp/hsperfdata_morpheyesh/8783
7f86da97e000-7f86da97f000 rw-p 00000000 00:00 0 
7f86da97f000-7f86da980000 r--p 00000000 00:00 0 
7f86da980000-7f86da982000 rw-p 00000000 00:00 0 
7f86da982000-7f86da983000 r--p 00022000 08:01 3153163                    /lib/x86_64-linux-gnu/ld-2.15.so
7f86da983000-7f86da985000 rw-p 00023000 08:01 3153163                    /lib/x86_64-linux-gnu/ld-2.15.so
7fffe6eb4000-7fffe6ee9000 rw-p 00000000 00:00 0                          [stack]
7fffe6ffe000-7fffe7000000 r-xp 00000000 00:00 0                          [vdso]
ffffffffff600000-ffffffffff601000 r-xp 00000000 00:00 0                  [vsyscall]

VM Arguments:
jvm_args: -Xmn1g -Xms2g -Xmx2g -XX:+CMSClassUnloadingEnabled -XX:+UseCompressedOops -XX:+AggressiveOpts 
java_command: /home/morpheyesh/bin/sbt-launch.jar
Launcher Type: SUN_STANDARD

Environment Variables:
PATH=/home/morpheyesh/.rvm/gems/ruby-2.1.2/bin:/home/morpheyesh/.rvm/gems/ruby-2.1.2@global/bin:/home/morpheyesh/.rvm/rubies/ruby-2.1.2/bin:/home/morpheyesh/bin:/home/morpheyesh/bin/play-2.0:/home/morpheyesh/bin:/usr/local/bin:/usr/bin:/bin:/usr/games:/home/morpheyesh/bin:/home/morpheyesh/software/go/bin:/home/morpheyesh/software/node/bin:/home/morpheyesh/bin/play-2.0/bin:/home/morpheyesh/.rvm/bin
USERNAME=morpheyesh
LD_LIBRARY_PATH=/usr/lib/jvm/java-6-openjdk-amd64/jre/lib/amd64/server:/usr/lib/jvm/java-6-openjdk-amd64/jre/lib/amd64:/usr/lib/jvm/java-6-openjdk-amd64/jre/../lib/amd64
SHELL=/bin/bash
DISPLAY=:0.0

Signal Handlers:
SIGSEGV: [libjvm.so+0x83d2c0], sa_mask[0]=0x7ffbfeff, sa_flags=0x10000004
SIGBUS: [libjvm.so+0x83d2c0], sa_mask[0]=0x7ffbfeff, sa_flags=0x10000004
SIGFPE: [libjvm.so+0x6ddeb0], sa_mask[0]=0x7ffbfeff, sa_flags=0x10000004
SIGPIPE: [libjvm.so+0x6ddeb0], sa_mask[0]=0x7ffbfeff, sa_flags=0x10000004
SIGXFSZ: [libjvm.so+0x6ddeb0], sa_mask[0]=0x7ffbfeff, sa_flags=0x10000004
SIGILL: [libjvm.so+0x6ddeb0], sa_mask[0]=0x7ffbfeff, sa_flags=0x10000004
SIGUSR1: SIG_DFL, sa_mask[0]=0x00000000, sa_flags=0x00000000
SIGUSR2: [libjvm.so+0x6de2f0], sa_mask[0]=0x00000000, sa_flags=0x10000004
SIGHUP: [libjvm.so+0x6de430], sa_mask[0]=0x7ffbfeff, sa_flags=0x10000004
SIGINT: [libjvm.so+0x6de430], sa_mask[0]=0x7ffbfeff, sa_flags=0x10000004
SIGTERM: [libjvm.so+0x6de430], sa_mask[0]=0x7ffbfeff, sa_flags=0x10000004
SIGQUIT: [libjvm.so+0x6de430], sa_mask[0]=0x7ffbfeff, sa_flags=0x10000004


---------------  S Y S T E M  ---------------

OS:Ubuntu 12.04 (precise)
uname:Linux 3.11.0-24-generic #42~precise1-Ubuntu SMP Fri Jul 4 21:22:54 UTC 2014 x86_64
libc:glibc 2.15 NPTL 2.15 
rlimit: STACK 8192k, CORE 0k, NPROC 28204, NOFILE 4096, AS infinity
load average:2.20 1.42 0.99

/proc/meminfo:
MemTotal:        3629284 kB
MemFree:          555784 kB
Buffers:           16568 kB
Cached:           219624 kB
SwapCached:        61552 kB
Active:          2416268 kB
Inactive:         491860 kB
Active(anon):    2327624 kB
Inactive(anon):   346264 kB
Active(file):      88644 kB
Inactive(file):   145596 kB
Unevictable:           0 kB
Mlocked:               0 kB
SwapTotal:       3769340 kB
SwapFree:        3070700 kB
Dirty:                48 kB
Writeback:             0 kB
AnonPages:       2618216 kB
Mapped:            73904 kB
Shmem:              2048 kB
Slab:              60616 kB
SReclaimable:      31104 kB
SUnreclaim:        29512 kB
KernelStack:        5896 kB
PageTables:        40636 kB
NFS_Unstable:          0 kB
Bounce:                0 kB
WritebackTmp:          0 kB
CommitLimit:     5583980 kB
Committed_AS:    7919148 kB
VmallocTotal:   34359738367 kB
VmallocUsed:       89340 kB
VmallocChunk:   34359646588 kB
HardwareCorrupted:     0 kB
AnonHugePages:         0 kB
HugePages_Total:       0
HugePages_Free:        0
HugePages_Rsvd:        0
HugePages_Surp:        0
Hugepagesize:       2048 kB
DirectMap4k:       48892 kB
DirectMap2M:     2672640 kB
DirectMap1G:     1048576 kB


CPU:total 2 (2 cores per cpu, 1 threads per core) family 20 model 2 stepping 0, cmov, cx8, fxsr, mmx, sse, sse2, sse3, ssse3, popcnt, mmxext, lzcnt, sse4a, tsc, tscinvbit, tscinv

/proc/cpuinfo:
processor	: 0
vendor_id	: AuthenticAMD
cpu family	: 20
model		: 2
model name	: AMD E1-1200 APU with Radeon(tm) HD Graphics
stepping	: 0
microcode	: 0x500010d
cpu MHz		: 1166.000
cache size	: 512 KB
physical id	: 0
siblings	: 2
core id		: 0
cpu cores	: 2
apicid		: 0
initial apicid	: 0
fpu		: yes
fpu_exception	: yes
cpuid level	: 6
wp		: yes
flags		: fpu vme de pse tsc msr pae mce cx8 apic sep mtrr pge mca cmov pat pse36 clflush mmx fxsr sse sse2 ht syscall nx mmxext fxsr_opt pdpe1gb rdtscp lm constant_tsc rep_good nopl nonstop_tsc extd_apicid aperfmperf pni monitor ssse3 cx16 popcnt lahf_lm cmp_legacy svm extapic cr8_legacy abm sse4a misalignsse 3dnowprefetch ibs skinit wdt arat hw_pstate npt lbrv svm_lock nrip_save pausefilter
bogomips	: 2794.73
TLB size	: 1024 4K pages
clflush size	: 64
cache_alignment	: 64
address sizes	: 36 bits physical, 48 bits virtual
power management: ts ttp tm stc 100mhzsteps hwpstate

processor	: 1
vendor_id	: AuthenticAMD
cpu family	: 20
model		: 2
model name	: AMD E1-1200 APU with Radeon(tm) HD Graphics
stepping	: 0
microcode	: 0x500010d
cpu MHz		: 1400.000
cache size	: 512 KB
physical id	: 0
siblings	: 2
core id		: 1
cpu cores	: 2
apicid		: 1
initial apicid	: 1
fpu		: yes
fpu_exception	: yes
cpuid level	: 6
wp		: yes
flags		: fpu vme de pse tsc msr pae mce cx8 apic sep mtrr pge mca cmov pat pse36 clflush mmx fxsr sse sse2 ht syscall nx mmxext fxsr_opt pdpe1gb rdtscp lm constant_tsc rep_good nopl nonstop_tsc extd_apicid aperfmperf pni monitor ssse3 cx16 popcnt lahf_lm cmp_legacy svm extapic cr8_legacy abm sse4a misalignsse 3dnowprefetch ibs skinit wdt arat hw_pstate npt lbrv svm_lock nrip_save pausefilter
bogomips	: 2794.73
TLB size	: 1024 4K pages
clflush size	: 64
cache_alignment	: 64
address sizes	: 36 bits physical, 48 bits virtual
power management: ts ttp tm stc 100mhzsteps hwpstate



Memory: 4k page, physical 3629284k(555784k free), swap 3769340k(3070700k free)

vm_info: OpenJDK 64-Bit Server VM (23.25-b01) for linux-amd64 JRE (1.6.0_32-b32), built on Aug  6 2014 17:00:19 by "buildd" with gcc 4.6.3

time: Sat Aug 23 18:15:41 2014
elapsed time: 689 seconds

